0 info it worked if it ends with ok
1 verbose cli [ '/usr/local/bin/node', '/usr/local/bin/npm', 'install' ]
2 info using npm@3.10.9
3 info using node@v6.9.2
4 silly loadCurrentTree Starting
5 silly install loadCurrentTree
6 silly install readLocalPackageData
7 silly install normalizeTree
8 silly loadCurrentTree Finishing
9 silly loadIdealTree Starting
10 silly install loadIdealTree
11 silly cloneCurrentTree Starting
12 silly install cloneCurrentTreeToIdealTree
13 silly cloneCurrentTree Finishing
14 silly loadShrinkwrap Starting
15 silly install loadShrinkwrap
16 silly loadShrinkwrap Finishing
17 silly loadAllDepsIntoIdealTree Starting
18 silly install loadAllDepsIntoIdealTree
19 silly fetchNamedPackageData next
20 silly mapToRegistry name next
21 silly mapToRegistry using default registry
22 silly mapToRegistry registry https://registry.npmjs.org/
23 silly mapToRegistry data Result {
23 silly mapToRegistry   raw: 'next',
23 silly mapToRegistry   scope: null,
23 silly mapToRegistry   escapedName: 'next',
23 silly mapToRegistry   name: 'next',
23 silly mapToRegistry   rawSpec: '',
23 silly mapToRegistry   spec: 'latest',
23 silly mapToRegistry   type: 'tag' }
24 silly mapToRegistry uri https://registry.npmjs.org/next
25 verbose request uri https://registry.npmjs.org/next
26 verbose request no auth needed
27 info attempt registry request try #1 at 1:24:40 PM
28 verbose request id da9c8325aac4f9b9
29 verbose etag W/"58541680-12b1e"
30 verbose lastModified Fri, 16 Dec 2016 16:29:52 GMT
31 http request GET https://registry.npmjs.org/next
32 http 304 https://registry.npmjs.org/next
33 verbose headers { date: 'Sat, 17 Dec 2016 13:24:40 GMT',
33 verbose headers   via: '1.1 varnish',
33 verbose headers   'cache-control': 'max-age=300',
33 verbose headers   etag: 'W/"58541680-12b1e"',
33 verbose headers   age: '274',
33 verbose headers   connection: 'keep-alive',
33 verbose headers   'x-served-by': 'cache-atl6238-ATL',
33 verbose headers   'x-cache': 'HIT',
33 verbose headers   'x-cache-hits': '1',
33 verbose headers   'x-timer': 'S1481981080.506751,VS0,VE0',
33 verbose headers   vary: 'Accept-Encoding' }
34 silly get cb [ 304,
34 silly get   { date: 'Sat, 17 Dec 2016 13:24:40 GMT',
34 silly get     via: '1.1 varnish',
34 silly get     'cache-control': 'max-age=300',
34 silly get     etag: 'W/"58541680-12b1e"',
34 silly get     age: '274',
34 silly get     connection: 'keep-alive',
34 silly get     'x-served-by': 'cache-atl6238-ATL',
34 silly get     'x-cache': 'HIT',
34 silly get     'x-cache-hits': '1',
34 silly get     'x-timer': 'S1481981080.506751,VS0,VE0',
34 silly get     vary: 'Accept-Encoding' } ]
35 verbose etag https://registry.npmjs.org/next from cache
36 verbose get saving next to /root/.npm/registry.npmjs.org/next/.cache.json
37 verbose correctMkdir /root/.npm correctMkdir not in flight; initializing
38 silly resolveWithNewModule next@1.2.3 checking installable status
39 silly cache add args [ 'next@^1.2.3', null ]
40 verbose cache add spec next@^1.2.3
41 silly cache add parsed spec Result {
41 silly cache add   raw: 'next@^1.2.3',
41 silly cache add   scope: null,
41 silly cache add   escapedName: 'next',
41 silly cache add   name: 'next',
41 silly cache add   rawSpec: '^1.2.3',
41 silly cache add   spec: '>=1.2.3 <2.0.0',
41 silly cache add   type: 'range' }
42 silly addNamed next@>=1.2.3 <2.0.0
43 verbose addNamed ">=1.2.3 <2.0.0" is a valid semver range for next
44 silly addNameRange { name: 'next', range: '>=1.2.3 <2.0.0', hasData: false }
45 silly mapToRegistry name next
46 silly mapToRegistry using default registry
47 silly mapToRegistry registry https://registry.npmjs.org/
48 silly mapToRegistry data Result {
48 silly mapToRegistry   raw: 'next',
48 silly mapToRegistry   scope: null,
48 silly mapToRegistry   escapedName: 'next',
48 silly mapToRegistry   name: 'next',
48 silly mapToRegistry   rawSpec: '',
48 silly mapToRegistry   spec: 'latest',
48 silly mapToRegistry   type: 'tag' }
49 silly mapToRegistry uri https://registry.npmjs.org/next
50 verbose addNameRange registry:https://registry.npmjs.org/next not in flight; fetching
51 verbose get https://registry.npmjs.org/next not expired, no request
52 silly addNameRange number 2 { name: 'next', range: '>=1.2.3 <2.0.0', hasData: true }
53 silly addNameRange versions [ 'next',
53 silly addNameRange   [ '0.1.0',
53 silly addNameRange     '0.1.1',
53 silly addNameRange     '0.2.0',
53 silly addNameRange     '0.2.1',
53 silly addNameRange     '0.2.2',
53 silly addNameRange     '0.2.3',
53 silly addNameRange     '0.2.4',
53 silly addNameRange     '0.2.5',
53 silly addNameRange     '0.2.6',
53 silly addNameRange     '0.2.7',
53 silly addNameRange     '0.2.8',
53 silly addNameRange     '0.2.9',
53 silly addNameRange     '0.2.10',
53 silly addNameRange     '0.2.11',
53 silly addNameRange     '0.2.12',
53 silly addNameRange     '0.2.13',
53 silly addNameRange     '0.2.14',
53 silly addNameRange     '0.3.0',
53 silly addNameRange     '0.3.1',
53 silly addNameRange     '0.3.2',
53 silly addNameRange     '0.3.3',
53 silly addNameRange     '0.4.0',
53 silly addNameRange     '0.4.1',
53 silly addNameRange     '0.9.9',
53 silly addNameRange     '0.9.10',
53 silly addNameRange     '0.9.11',
53 silly addNameRange     '1.0.0',
53 silly addNameRange     '1.0.1',
53 silly addNameRange     '1.0.2',
53 silly addNameRange     '1.1.0',
53 silly addNameRange     '1.1.1',
53 silly addNameRange     '1.1.2',
53 silly addNameRange     '1.2.0',
53 silly addNameRange     '1.2.1',
53 silly addNameRange     '1.2.2',
53 silly addNameRange     '1.2.3' ] ]
54 silly addNamed next@1.2.3
55 verbose addNamed "1.2.3" is a plain semver version for next
56 silly cache afterAdd next@1.2.3
57 verbose afterAdd /root/.npm/next/1.2.3/package/package.json not in flight; writing
58 verbose correctMkdir /root/.npm correctMkdir not in flight; initializing
59 verbose afterAdd /root/.npm/next/1.2.3/package/package.json written
60 silly fetchNamedPackageData webpack
61 silly mapToRegistry name webpack
62 silly mapToRegistry using default registry
63 silly mapToRegistry registry https://registry.npmjs.org/
64 silly mapToRegistry data Result {
64 silly mapToRegistry   raw: 'webpack',
64 silly mapToRegistry   scope: null,
64 silly mapToRegistry   escapedName: 'webpack',
64 silly mapToRegistry   name: 'webpack',
64 silly mapToRegistry   rawSpec: '',
64 silly mapToRegistry   spec: 'latest',
64 silly mapToRegistry   type: 'tag' }
65 silly mapToRegistry uri https://registry.npmjs.org/webpack
66 verbose request uri https://registry.npmjs.org/webpack
67 verbose request no auth needed
68 info attempt registry request try #1 at 1:24:40 PM
69 verbose etag W/"585536f7-d5bc4"
70 verbose lastModified Sat, 17 Dec 2016 13:00:39 GMT
71 http request GET https://registry.npmjs.org/webpack
72 http 304 https://registry.npmjs.org/webpack
73 verbose headers { date: 'Sat, 17 Dec 2016 13:24:40 GMT',
73 verbose headers   via: '1.1 varnish',
73 verbose headers   'cache-control': 'max-age=300',
73 verbose headers   etag: 'W/"585536f7-d5bc4"',
73 verbose headers   age: '180',
73 verbose headers   connection: 'keep-alive',
73 verbose headers   'x-served-by': 'cache-atl6238-ATL',
73 verbose headers   'x-cache': 'HIT',
73 verbose headers   'x-cache-hits': '3',
73 verbose headers   'x-timer': 'S1481981080.753139,VS0,VE0',
73 verbose headers   vary: 'Accept-Encoding' }
74 silly get cb [ 304,
74 silly get   { date: 'Sat, 17 Dec 2016 13:24:40 GMT',
74 silly get     via: '1.1 varnish',
74 silly get     'cache-control': 'max-age=300',
74 silly get     etag: 'W/"585536f7-d5bc4"',
74 silly get     age: '180',
74 silly get     connection: 'keep-alive',
74 silly get     'x-served-by': 'cache-atl6238-ATL',
74 silly get     'x-cache': 'HIT',
74 silly get     'x-cache-hits': '3',
74 silly get     'x-timer': 'S1481981080.753139,VS0,VE0',
74 silly get     vary: 'Accept-Encoding' } ]
75 verbose etag https://registry.npmjs.org/webpack from cache
76 verbose get saving webpack to /root/.npm/registry.npmjs.org/webpack/.cache.json
77 verbose correctMkdir /root/.npm correctMkdir not in flight; initializing
78 silly resolveWithNewModule webpack@1.13.3 checking installable status
79 silly cache add args [ 'webpack@1.13.3', null ]
80 verbose cache add spec webpack@1.13.3
81 silly cache add parsed spec Result {
81 silly cache add   raw: 'webpack@1.13.3',
81 silly cache add   scope: null,
81 silly cache add   escapedName: 'webpack',
81 silly cache add   name: 'webpack',
81 silly cache add   rawSpec: '1.13.3',
81 silly cache add   spec: '1.13.3',
81 silly cache add   type: 'version' }
82 silly addNamed webpack@1.13.3
83 verbose addNamed "1.13.3" is a plain semver version for webpack
84 silly mapToRegistry name webpack
85 silly mapToRegistry using default registry
86 silly mapToRegistry registry https://registry.npmjs.org/
87 silly mapToRegistry data Result {
87 silly mapToRegistry   raw: 'webpack',
87 silly mapToRegistry   scope: null,
87 silly mapToRegistry   escapedName: 'webpack',
87 silly mapToRegistry   name: 'webpack',
87 silly mapToRegistry   rawSpec: '',
87 silly mapToRegistry   spec: 'latest',
87 silly mapToRegistry   type: 'tag' }
88 silly mapToRegistry uri https://registry.npmjs.org/webpack
89 verbose addNameVersion registry:https://registry.npmjs.org/webpack not in flight; fetching
90 verbose get https://registry.npmjs.org/webpack not expired, no request
91 silly cache afterAdd webpack@1.13.3
92 verbose afterAdd /root/.npm/webpack/1.13.3/package/package.json not in flight; writing
93 verbose correctMkdir /root/.npm correctMkdir not in flight; initializing
94 verbose afterAdd /root/.npm/webpack/1.13.3/package/package.json written
95 silly fetchNamedPackageData acorn
96 silly mapToRegistry name acorn
97 silly mapToRegistry using default registry
98 silly mapToRegistry registry https://registry.npmjs.org/
99 silly mapToRegistry data Result {
99 silly mapToRegistry   raw: 'acorn',
99 silly mapToRegistry   scope: null,
99 silly mapToRegistry   escapedName: 'acorn',
99 silly mapToRegistry   name: 'acorn',
99 silly mapToRegistry   rawSpec: '',
99 silly mapToRegistry   spec: 'latest',
99 silly mapToRegistry   type: 'tag' }
100 silly mapToRegistry uri https://registry.npmjs.org/acorn
101 silly fetchNamedPackageData supports-color
102 silly mapToRegistry name supports-color
103 silly mapToRegistry using default registry
104 silly mapToRegistry registry https://registry.npmjs.org/
105 silly mapToRegistry data Result {
105 silly mapToRegistry   raw: 'supports-color',
105 silly mapToRegistry   scope: null,
105 silly mapToRegistry   escapedName: 'supports-color',
105 silly mapToRegistry   name: 'supports-color',
105 silly mapToRegistry   rawSpec: '',
105 silly mapToRegistry   spec: 'latest',
105 silly mapToRegistry   type: 'tag' }
106 silly mapToRegistry uri https://registry.npmjs.org/supports-color
107 verbose request uri https://registry.npmjs.org/acorn
108 verbose request no auth needed
109 info attempt registry request try #1 at 1:24:41 PM
110 verbose etag W/"58190c14-19a69"
111 verbose lastModified Tue, 01 Nov 2016 21:41:40 GMT
112 http request GET https://registry.npmjs.org/acorn
113 verbose request uri https://registry.npmjs.org/supports-color
114 verbose request no auth needed
115 info attempt registry request try #1 at 1:24:41 PM
116 verbose etag W/"5818e1ee-4fa0"
117 verbose lastModified Tue, 01 Nov 2016 18:41:50 GMT
118 http request GET https://registry.npmjs.org/supports-color
119 http 304 https://registry.npmjs.org/acorn
120 verbose headers { date: 'Sat, 17 Dec 2016 13:24:41 GMT',
120 verbose headers   via: '1.1 varnish',
120 verbose headers   'cache-control': 'max-age=300',
120 verbose headers   etag: 'W/"58190c14-19a69"',
120 verbose headers   age: '112',
120 verbose headers   connection: 'keep-alive',
120 verbose headers   'x-served-by': 'cache-atl6238-ATL',
120 verbose headers   'x-cache': 'HIT',
120 verbose headers   'x-cache-hits': '1',
120 verbose headers   'x-timer': 'S1481981081.080075,VS0,VE0',
120 verbose headers   vary: 'Accept-Encoding' }
121 silly get cb [ 304,
121 silly get   { date: 'Sat, 17 Dec 2016 13:24:41 GMT',
121 silly get     via: '1.1 varnish',
121 silly get     'cache-control': 'max-age=300',
121 silly get     etag: 'W/"58190c14-19a69"',
121 silly get     age: '112',
121 silly get     connection: 'keep-alive',
121 silly get     'x-served-by': 'cache-atl6238-ATL',
121 silly get     'x-cache': 'HIT',
121 silly get     'x-cache-hits': '1',
121 silly get     'x-timer': 'S1481981081.080075,VS0,VE0',
121 silly get     vary: 'Accept-Encoding' } ]
122 verbose etag https://registry.npmjs.org/acorn from cache
123 verbose get saving acorn to /root/.npm/registry.npmjs.org/acorn/.cache.json
124 verbose correctMkdir /root/.npm correctMkdir not in flight; initializing
125 silly resolveWithNewModule acorn@3.3.0 checking installable status
126 silly cache add args [ 'acorn@^3.0.0', null ]
127 verbose cache add spec acorn@^3.0.0
128 silly cache add parsed spec Result {
128 silly cache add   raw: 'acorn@^3.0.0',
128 silly cache add   scope: null,
128 silly cache add   escapedName: 'acorn',
128 silly cache add   name: 'acorn',
128 silly cache add   rawSpec: '^3.0.0',
128 silly cache add   spec: '>=3.0.0 <4.0.0',
128 silly cache add   type: 'range' }
129 silly addNamed acorn@>=3.0.0 <4.0.0
130 verbose addNamed ">=3.0.0 <4.0.0" is a valid semver range for acorn
131 silly addNameRange { name: 'acorn', range: '>=3.0.0 <4.0.0', hasData: false }
132 silly mapToRegistry name acorn
133 silly mapToRegistry using default registry
134 silly mapToRegistry registry https://registry.npmjs.org/
135 silly mapToRegistry data Result {
135 silly mapToRegistry   raw: 'acorn',
135 silly mapToRegistry   scope: null,
135 silly mapToRegistry   escapedName: 'acorn',
135 silly mapToRegistry   name: 'acorn',
135 silly mapToRegistry   rawSpec: '',
135 silly mapToRegistry   spec: 'latest',
135 silly mapToRegistry   type: 'tag' }
136 silly mapToRegistry uri https://registry.npmjs.org/acorn
137 verbose addNameRange registry:https://registry.npmjs.org/acorn not in flight; fetching
138 verbose get https://registry.npmjs.org/acorn not expired, no request
139 silly addNameRange number 2 { name: 'acorn', range: '>=3.0.0 <4.0.0', hasData: true }
140 silly addNameRange versions [ 'acorn',
140 silly addNameRange   [ '0.0.1',
140 silly addNameRange     '0.1.0',
140 silly addNameRange     '0.2.0',
140 silly addNameRange     '0.3.0',
140 silly addNameRange     '0.3.1',
140 silly addNameRange     '0.4.0',
140 silly addNameRange     '0.4.2',
140 silly addNameRange     '0.5.0',
140 silly addNameRange     '0.6.0',
140 silly addNameRange     '0.7.0',
140 silly addNameRange     '0.8.0',
140 silly addNameRange     '0.9.0',
140 silly addNameRange     '0.10.0',
140 silly addNameRange     '0.11.0',
140 silly addNameRange     '0.12.0',
140 silly addNameRange     '1.0.0',
140 silly addNameRange     '1.0.1',
140 silly addNameRange     '1.0.3',
140 silly addNameRange     '1.1.0',
140 silly addNameRange     '1.2.0',
140 silly addNameRange     '2.0.0',
140 silly addNameRange     '1.2.1',
140 silly addNameRange     '2.0.1',
140 silly addNameRange     '1.2.2',
140 silly addNameRange     '2.0.4',
140 silly addNameRange     '2.1.0',
140 silly addNameRange     '2.2.0',
140 silly addNameRange     '2.3.0',
140 silly addNameRange     '2.4.0',
140 silly addNameRange     '2.5.0',
140 silly addNameRange     '2.5.2',
140 silly addNameRange     '2.6.0',
140 silly addNameRange     '2.6.2',
140 silly addNameRange     '2.6.4',
140 silly addNameRange     '2.7.0',
140 silly addNameRange     '3.0.0',
140 silly addNameRange     '3.0.2',
140 silly addNameRange     '3.0.4',
140 silly addNameRange     '3.1.0',
140 silly addNameRange     '3.2.0',
140 silly addNameRange     '3.3.0',
140 silly addNameRange     '4.0.0',
140 silly addNameRange     '4.0.1',
140 silly addNameRange     '4.0.2',
140 silly addNameRange     '4.0.3' ] ]
141 silly addNamed acorn@3.3.0
142 verbose addNamed "3.3.0" is a plain semver version for acorn
143 silly cache afterAdd acorn@3.3.0
144 verbose afterAdd /root/.npm/acorn/3.3.0/package/package.json not in flight; writing
145 verbose correctMkdir /root/.npm correctMkdir not in flight; initializing
146 verbose afterAdd /root/.npm/acorn/3.3.0/package/package.json written
147 http 304 https://registry.npmjs.org/supports-color
148 verbose headers { date: 'Sat, 17 Dec 2016 13:24:41 GMT',
148 verbose headers   via: '1.1 varnish',
148 verbose headers   'cache-control': 'max-age=300',
148 verbose headers   etag: 'W/"5818e1ee-4fa0"',
148 verbose headers   age: '51',
148 verbose headers   connection: 'keep-alive',
148 verbose headers   'x-served-by': 'cache-atl6227-ATL',
148 verbose headers   'x-cache': 'HIT',
148 verbose headers   'x-cache-hits': '2',
148 verbose headers   'x-timer': 'S1481981081.138695,VS0,VE0',
148 verbose headers   vary: 'Accept-Encoding' }
149 silly get cb [ 304,
149 silly get   { date: 'Sat, 17 Dec 2016 13:24:41 GMT',
149 silly get     via: '1.1 varnish',
149 silly get     'cache-control': 'max-age=300',
149 silly get     etag: 'W/"5818e1ee-4fa0"',
149 silly get     age: '51',
149 silly get     connection: 'keep-alive',
149 silly get     'x-served-by': 'cache-atl6227-ATL',
149 silly get     'x-cache': 'HIT',
149 silly get     'x-cache-hits': '2',
149 silly get     'x-timer': 'S1481981081.138695,VS0,VE0',
149 silly get     vary: 'Accept-Encoding' } ]
150 verbose etag https://registry.npmjs.org/supports-color from cache
151 verbose get saving supports-color to /root/.npm/registry.npmjs.org/supports-color/.cache.json
152 verbose correctMkdir /root/.npm correctMkdir not in flight; initializing
153 silly resolveWithNewModule supports-color@3.1.2 checking installable status
154 silly cache add args [ 'supports-color@^3.1.0', null ]
155 verbose cache add spec supports-color@^3.1.0
156 silly cache add parsed spec Result {
156 silly cache add   raw: 'supports-color@^3.1.0',
156 silly cache add   scope: null,
156 silly cache add   escapedName: 'supports-color',
156 silly cache add   name: 'supports-color',
156 silly cache add   rawSpec: '^3.1.0',
156 silly cache add   spec: '>=3.1.0 <4.0.0',
156 silly cache add   type: 'range' }
157 silly addNamed supports-color@>=3.1.0 <4.0.0
158 verbose addNamed ">=3.1.0 <4.0.0" is a valid semver range for supports-color
159 silly addNameRange { name: 'supports-color',
159 silly addNameRange   range: '>=3.1.0 <4.0.0',
159 silly addNameRange   hasData: false }
160 silly mapToRegistry name supports-color
161 silly mapToRegistry using default registry
162 silly mapToRegistry registry https://registry.npmjs.org/
163 silly mapToRegistry data Result {
163 silly mapToRegistry   raw: 'supports-color',
163 silly mapToRegistry   scope: null,
163 silly mapToRegistry   escapedName: 'supports-color',
163 silly mapToRegistry   name: 'supports-color',
163 silly mapToRegistry   rawSpec: '',
163 silly mapToRegistry   spec: 'latest',
163 silly mapToRegistry   type: 'tag' }
164 silly mapToRegistry uri https://registry.npmjs.org/supports-color
165 verbose addNameRange registry:https://registry.npmjs.org/supports-color not in flight; fetching
166 verbose get https://registry.npmjs.org/supports-color not expired, no request
167 silly addNameRange number 2 { name: 'supports-color',
167 silly addNameRange   range: '>=3.1.0 <4.0.0',
167 silly addNameRange   hasData: true }
168 silly addNameRange versions [ 'supports-color',
168 silly addNameRange   [ '0.2.0',
168 silly addNameRange     '1.0.0',
168 silly addNameRange     '1.1.0',
168 silly addNameRange     '1.2.0',
168 silly addNameRange     '1.2.1',
168 silly addNameRange     '1.3.0',
168 silly addNameRange     '1.3.1',
168 silly addNameRange     '2.0.0',
168 silly addNameRange     '3.0.0',
168 silly addNameRange     '3.0.1',
168 silly addNameRange     '3.1.0',
168 silly addNameRange     '3.1.1',
168 silly addNameRange     '3.1.2' ] ]
169 silly addNamed supports-color@3.1.2
170 verbose addNamed "3.1.2" is a plain semver version for supports-color
171 silly cache afterAdd supports-color@3.1.2
172 verbose afterAdd /root/.npm/supports-color/3.1.2/package/package.json not in flight; writing
173 verbose correctMkdir /root/.npm correctMkdir not in flight; initializing
174 verbose afterAdd /root/.npm/supports-color/3.1.2/package/package.json written
175 silly fetchNamedPackageData fsevents
176 silly mapToRegistry name fsevents
177 silly mapToRegistry using default registry
178 silly mapToRegistry registry https://registry.npmjs.org/
179 silly mapToRegistry data Result {
179 silly mapToRegistry   raw: 'fsevents',
179 silly mapToRegistry   scope: null,
179 silly mapToRegistry   escapedName: 'fsevents',
179 silly mapToRegistry   name: 'fsevents',
179 silly mapToRegistry   rawSpec: '',
179 silly mapToRegistry   spec: 'latest',
179 silly mapToRegistry   type: 'tag' }
180 silly mapToRegistry uri https://registry.npmjs.org/fsevents
181 verbose request uri https://registry.npmjs.org/fsevents
182 verbose request no auth needed
183 info attempt registry request try #1 at 1:24:41 PM
184 verbose etag W/"58352bb5-bb79"
185 verbose lastModified Wed, 23 Nov 2016 05:40:05 GMT
186 http request GET https://registry.npmjs.org/fsevents
187 http 304 https://registry.npmjs.org/fsevents
188 verbose headers { date: 'Sat, 17 Dec 2016 13:24:41 GMT',
188 verbose headers   via: '1.1 varnish',
188 verbose headers   'cache-control': 'max-age=300',
188 verbose headers   etag: 'W/"58352bb5-bb79"',
188 verbose headers   age: '35',
188 verbose headers   connection: 'keep-alive',
188 verbose headers   'x-served-by': 'cache-atl6238-ATL',
188 verbose headers   'x-cache': 'HIT',
188 verbose headers   'x-cache-hits': '1',
188 verbose headers   'x-timer': 'S1481981081.243513,VS0,VE0',
188 verbose headers   vary: 'Accept-Encoding' }
189 silly get cb [ 304,
189 silly get   { date: 'Sat, 17 Dec 2016 13:24:41 GMT',
189 silly get     via: '1.1 varnish',
189 silly get     'cache-control': 'max-age=300',
189 silly get     etag: 'W/"58352bb5-bb79"',
189 silly get     age: '35',
189 silly get     connection: 'keep-alive',
189 silly get     'x-served-by': 'cache-atl6238-ATL',
189 silly get     'x-cache': 'HIT',
189 silly get     'x-cache-hits': '1',
189 silly get     'x-timer': 'S1481981081.243513,VS0,VE0',
189 silly get     vary: 'Accept-Encoding' } ]
190 verbose etag https://registry.npmjs.org/fsevents from cache
191 verbose get saving fsevents to /root/.npm/registry.npmjs.org/fsevents/.cache.json
192 verbose correctMkdir /root/.npm correctMkdir not in flight; initializing
193 silly resolveWithNewModule fsevents@1.0.15 checking installable status
194 silly loadAllDepsIntoIdealTree Finishing
195 silly loadIdealTree Finishing
196 silly currentTree streamer@1.0.0
196 silly currentTree +-- align-text@0.1.4
196 silly currentTree +-- amdefine@1.0.1
196 silly currentTree +-- ansi-html@0.0.6
196 silly currentTree +-- ansi-regex@2.0.0
196 silly currentTree +-- ansi-styles@2.2.1
196 silly currentTree +-- any-promise@1.3.0
196 silly currentTree +-- anymatch@1.3.0
196 silly currentTree +-- arr-diff@2.0.0
196 silly currentTree +-- arr-flatten@1.0.1
196 silly currentTree +-- array-union@1.0.2
196 silly currentTree +-- array-uniq@1.0.3
196 silly currentTree +-- array-unique@0.2.1
196 silly currentTree +-- arrify@1.0.1
196 silly currentTree +-- asap@2.0.5
196 silly currentTree +-- assert@1.4.1
196 silly currentTree +-- async-each@1.0.1
196 silly currentTree +-- async@1.5.2
196 silly currentTree +-- babel-code-frame@6.20.0
196 silly currentTree +-- babel-core@6.18.2
196 silly currentTree +-- babel-generator@6.19.0
196 silly currentTree +-- babel-helper-builder-react-jsx@6.21.0
196 silly currentTree +-- babel-helper-call-delegate@6.18.0
196 silly currentTree +-- babel-helper-define-map@6.18.0
196 silly currentTree +-- babel-helper-function-name@6.18.0
196 silly currentTree +-- babel-helper-get-function-arity@6.18.0
196 silly currentTree +-- babel-helper-hoist-variables@6.18.0
196 silly currentTree +-- babel-helper-optimise-call-expression@6.18.0
196 silly currentTree +-- babel-helper-regex@6.18.0
196 silly currentTree +-- babel-helper-remap-async-to-generator@6.20.3
196 silly currentTree | +-- babel-runtime@6.20.0
196 silly currentTree | `-- regenerator-runtime@0.10.1
196 silly currentTree +-- babel-helper-replace-supers@6.18.0
196 silly currentTree +-- babel-helpers@6.16.0
196 silly currentTree +-- babel-loader@6.2.8
196 silly currentTree +-- babel-messages@6.8.0
196 silly currentTree +-- babel-plugin-check-es2015-constants@6.8.0
196 silly currentTree +-- babel-plugin-module-resolver@2.4.0
196 silly currentTree +-- babel-plugin-react-require@3.0.0
196 silly currentTree +-- babel-plugin-syntax-async-functions@6.13.0
196 silly currentTree +-- babel-plugin-syntax-class-properties@6.13.0
196 silly currentTree +-- babel-plugin-syntax-flow@6.18.0
196 silly currentTree +-- babel-plugin-syntax-jsx@6.18.0
196 silly currentTree +-- babel-plugin-syntax-object-rest-spread@6.13.0
196 silly currentTree +-- babel-plugin-transform-async-to-generator@6.16.0
196 silly currentTree +-- babel-plugin-transform-class-properties@6.19.0
196 silly currentTree +-- babel-plugin-transform-es2015-arrow-functions@6.8.0
196 silly currentTree +-- babel-plugin-transform-es2015-block-scoped-functions@6.8.0
196 silly currentTree +-- babel-plugin-transform-es2015-block-scoping@6.21.0
196 silly currentTree | +-- babel-runtime@6.20.0
196 silly currentTree | `-- regenerator-runtime@0.10.1
196 silly currentTree +-- babel-plugin-transform-es2015-classes@6.18.0
196 silly currentTree +-- babel-plugin-transform-es2015-computed-properties@6.8.0
196 silly currentTree +-- babel-plugin-transform-es2015-destructuring@6.19.0
196 silly currentTree +-- babel-plugin-transform-es2015-duplicate-keys@6.8.0
196 silly currentTree +-- babel-plugin-transform-es2015-for-of@6.18.0
196 silly currentTree +-- babel-plugin-transform-es2015-function-name@6.9.0
196 silly currentTree +-- babel-plugin-transform-es2015-literals@6.8.0
196 silly currentTree +-- babel-plugin-transform-es2015-modules-amd@6.18.0
196 silly currentTree +-- babel-plugin-transform-es2015-modules-commonjs@6.18.0
196 silly currentTree +-- babel-plugin-transform-es2015-modules-systemjs@6.19.0
196 silly currentTree +-- babel-plugin-transform-es2015-modules-umd@6.18.0
196 silly currentTree +-- babel-plugin-transform-es2015-object-super@6.8.0
196 silly currentTree +-- babel-plugin-transform-es2015-parameters@6.21.0
196 silly currentTree +-- babel-plugin-transform-es2015-shorthand-properties@6.18.0
196 silly currentTree +-- babel-plugin-transform-es2015-spread@6.8.0
196 silly currentTree +-- babel-plugin-transform-es2015-sticky-regex@6.8.0
196 silly currentTree +-- babel-plugin-transform-es2015-template-literals@6.8.0
196 silly currentTree +-- babel-plugin-transform-es2015-typeof-symbol@6.18.0
196 silly currentTree +-- babel-plugin-transform-es2015-unicode-regex@6.11.0
196 silly currentTree +-- babel-plugin-transform-flow-strip-types@6.21.0
196 silly currentTree +-- babel-plugin-transform-object-rest-spread@6.19.0
196 silly currentTree +-- babel-plugin-transform-react-display-name@6.8.0
196 silly currentTree +-- babel-plugin-transform-react-jsx-self@6.11.0
196 silly currentTree +-- babel-plugin-transform-react-jsx-source@6.9.0
196 silly currentTree +-- babel-plugin-transform-react-jsx@6.8.0
196 silly currentTree +-- babel-plugin-transform-regenerator@6.21.0
196 silly currentTree +-- babel-plugin-transform-runtime@6.15.0
196 silly currentTree +-- babel-plugin-transform-strict-mode@6.18.0
196 silly currentTree +-- babel-preset-es2015@6.18.0
196 silly currentTree +-- babel-preset-react@6.16.0
196 silly currentTree +-- babel-register@6.18.0
196 silly currentTree +-- babel-runtime@6.18.0
196 silly currentTree +-- babel-template@6.16.0
196 silly currentTree +-- babel-traverse@6.21.0
196 silly currentTree | +-- babel-runtime@6.20.0
196 silly currentTree | `-- regenerator-runtime@0.10.1
196 silly currentTree +-- babel-types@6.21.0
196 silly currentTree | +-- babel-runtime@6.20.0
196 silly currentTree | `-- regenerator-runtime@0.10.1
196 silly currentTree +-- babylon@6.14.1
196 silly currentTree +-- balanced-match@0.4.2
196 silly currentTree +-- base64-js@1.2.0
196 silly currentTree +-- Base64@0.2.1
196 silly currentTree +-- big.js@3.1.3
196 silly currentTree +-- binary-extensions@1.8.0
196 silly currentTree +-- brace-expansion@1.1.6
196 silly currentTree +-- braces@1.8.5
196 silly currentTree +-- browserify-zlib@0.1.4
196 silly currentTree +-- buffer-shims@1.0.0
196 silly currentTree +-- buffer@4.9.1
196 silly currentTree | `-- isarray@1.0.0
196 silly currentTree +-- builtin-modules@1.1.1
196 silly currentTree +-- camelcase@1.2.1
196 silly currentTree +-- center-align@0.1.3
196 silly currentTree +-- chalk@1.1.3
196 silly currentTree +-- chokidar@1.6.1
196 silly currentTree +-- cliui@2.1.0
196 silly currentTree | `-- wordwrap@0.0.2
196 silly currentTree +-- clone@1.0.2
196 silly currentTree +-- commondir@1.0.1
196 silly currentTree +-- concat-map@0.0.1
196 silly currentTree +-- console-browserify@1.1.0
196 silly currentTree +-- constants-browserify@0.0.1
196 silly currentTree +-- convert-source-map@1.3.0
196 silly currentTree +-- core-js@2.4.1
196 silly currentTree +-- core-util-is@1.0.2
196 silly currentTree +-- cross-spawn@5.0.1
196 silly currentTree +-- crypto-browserify@3.2.8
196 silly currentTree +-- date-now@0.1.4
196 silly currentTree +-- debug@2.4.4
196 silly currentTree +-- decamelize@1.2.0
196 silly currentTree +-- del@2.2.2
196 silly currentTree +-- depd@1.1.0
196 silly currentTree +-- destroy@1.0.4
196 silly currentTree +-- detect-indent@4.0.0
196 silly currentTree +-- dom-walk@0.1.1
196 silly currentTree +-- domain-browser@1.1.7
196 silly currentTree +-- domready@1.0.8
196 silly currentTree +-- ee-first@1.1.1
196 silly currentTree +-- emojis-list@2.1.0
196 silly currentTree +-- encodeurl@1.0.1
196 silly currentTree +-- encoding@0.1.12
196 silly currentTree +-- enhanced-resolve@0.9.1
196 silly currentTree | `-- memory-fs@0.2.0
196 silly currentTree +-- errno@0.1.4
196 silly currentTree +-- error-ex@1.3.0
196 silly currentTree +-- error-stack-parser@1.3.6
196 silly currentTree +-- escape-html@1.0.3
196 silly currentTree +-- escape-string-regexp@1.0.5
196 silly currentTree +-- esutils@2.0.2
196 silly currentTree +-- etag@1.7.0
196 silly currentTree +-- events@1.1.1
196 silly currentTree +-- expand-brackets@0.1.5
196 silly currentTree +-- expand-range@1.8.2
196 silly currentTree +-- extglob@0.3.2
196 silly currentTree +-- fbjs@0.8.6
196 silly currentTree | `-- core-js@1.2.7
196 silly currentTree +-- filename-regex@2.0.0
196 silly currentTree +-- filesize@3.3.0
196 silly currentTree +-- fill-range@2.2.3
196 silly currentTree +-- find-babel-config@1.0.1
196 silly currentTree | `-- path-exists@3.0.0
196 silly currentTree +-- find-cache-dir@0.1.1
196 silly currentTree +-- find-up@1.1.2
196 silly currentTree +-- for-in@0.1.6
196 silly currentTree +-- for-own@0.1.4
196 silly currentTree +-- fresh@0.3.0
196 silly currentTree +-- friendly-errors-webpack-plugin@1.1.1
196 silly currentTree +-- fs.realpath@1.0.0
196 silly currentTree +-- glamor@2.20.8
196 silly currentTree +-- glob-base@0.3.0
196 silly currentTree +-- glob-parent@2.0.0
196 silly currentTree +-- glob-promise@2.0.0
196 silly currentTree +-- glob@7.1.1
196 silly currentTree +-- global@4.3.1
196 silly currentTree +-- globals@9.14.0
196 silly currentTree +-- globby@5.0.0
196 silly currentTree +-- graceful-fs@4.1.11
196 silly currentTree +-- has-ansi@2.0.0
196 silly currentTree +-- has-flag@1.0.0
196 silly currentTree +-- home-or-tmp@2.0.0
196 silly currentTree +-- hosted-git-info@2.1.5
196 silly currentTree +-- html-entities@1.2.0
196 silly currentTree +-- htmlescape@1.1.1
196 silly currentTree +-- http-browserify@1.7.0
196 silly currentTree +-- http-errors@1.4.0
196 silly currentTree | `-- inherits@2.0.1
196 silly currentTree +-- https-browserify@0.0.0
196 silly currentTree +-- iconv-lite@0.4.15
196 silly currentTree +-- ieee754@1.1.8
196 silly currentTree +-- indexof@0.0.1
196 silly currentTree +-- inflight@1.0.6
196 silly currentTree +-- inherits@2.0.3
196 silly currentTree +-- interpret@0.6.6
196 silly currentTree +-- invariant@2.2.2
196 silly currentTree +-- is-arrayish@0.2.1
196 silly currentTree +-- is-binary-path@1.0.1
196 silly currentTree +-- is-buffer@1.1.4
196 silly currentTree +-- is-builtin-module@1.0.0
196 silly currentTree +-- is-dotfile@1.0.2
196 silly currentTree +-- is-equal-shallow@0.1.3
196 silly currentTree +-- is-extendable@0.1.1
196 silly currentTree +-- is-extglob@1.0.0
196 silly currentTree +-- is-finite@1.0.2
196 silly currentTree +-- is-glob@2.0.1
196 silly currentTree +-- is-number@2.1.0
196 silly currentTree +-- is-path-cwd@1.0.0
196 silly currentTree +-- is-path-in-cwd@1.0.0
196 silly currentTree +-- is-path-inside@1.0.0
196 silly currentTree +-- is-posix-bracket@0.1.1
196 silly currentTree +-- is-primitive@2.0.0
196 silly currentTree +-- is-stream@1.1.0
196 silly currentTree +-- is-windows-bash@1.0.2
196 silly currentTree +-- isarray@0.0.1
196 silly currentTree +-- isexe@1.1.2
196 silly currentTree +-- isobject@2.1.0
196 silly currentTree | `-- isarray@1.0.0
196 silly currentTree +-- isomorphic-fetch@2.2.1
196 silly currentTree +-- js-tokens@2.0.0
196 silly currentTree +-- jsesc@1.3.0
196 silly currentTree +-- json-loader@0.5.4
196 silly currentTree +-- json5@0.5.1
196 silly currentTree +-- kind-of@3.1.0
196 silly currentTree +-- lazy-cache@1.0.4
196 silly currentTree +-- load-json-file@2.0.0
196 silly currentTree +-- loader-utils@0.2.16
196 silly currentTree +-- locate-path@2.0.0
196 silly currentTree | `-- path-exists@3.0.0
196 silly currentTree +-- lodash@4.17.2
196 silly currentTree +-- longest@1.0.1
196 silly currentTree +-- loose-envify@1.3.0
196 silly currentTree +-- lru-cache@4.0.2
196 silly currentTree +-- memory-fs@0.3.0
196 silly currentTree +-- micromatch@2.3.11
196 silly currentTree +-- mime@1.3.4
196 silly currentTree +-- min-document@2.19.0
196 silly currentTree +-- minimatch@3.0.3
196 silly currentTree +-- minimist@1.2.0
196 silly currentTree +-- mkdirp-then@1.2.0
196 silly currentTree +-- mkdirp@0.5.1
196 silly currentTree | `-- minimist@0.0.8
196 silly currentTree +-- moment@2.17.1
196 silly currentTree +-- ms@0.7.2
196 silly currentTree +-- mz@2.6.0
196 silly currentTree +-- node-fetch@1.6.3
196 silly currentTree +-- node-libs-browser@0.6.0
196 silly currentTree | +-- process@0.11.9
196 silly currentTree | +-- readable-stream@1.1.14
196 silly currentTree | `-- url@0.10.3
196 silly currentTree +-- normalize-package-data@2.3.5
196 silly currentTree +-- normalize-path@2.0.1
196 silly currentTree +-- number-is-nan@1.0.1
196 silly currentTree +-- object-assign@4.1.0
196 silly currentTree +-- object.omit@2.0.1
196 silly currentTree +-- on-finished@2.3.0
196 silly currentTree +-- once@1.4.0
196 silly currentTree +-- optimist@0.6.1
196 silly currentTree | `-- minimist@0.0.10
196 silly currentTree +-- os-browserify@0.1.2
196 silly currentTree +-- os-homedir@1.0.2
196 silly currentTree +-- os-tmpdir@1.0.2
196 silly currentTree +-- p-limit@1.1.0
196 silly currentTree +-- p-locate@2.0.0
196 silly currentTree +-- pako@0.2.9
196 silly currentTree +-- parse-glob@3.0.4
196 silly currentTree +-- parse-json@2.2.0
196 silly currentTree +-- path-browserify@0.0.0
196 silly currentTree +-- path-exists@2.1.0
196 silly currentTree +-- path-is-absolute@1.0.1
196 silly currentTree +-- path-is-inside@1.0.2
196 silly currentTree +-- path-match@1.2.4
196 silly currentTree +-- path-to-regexp@1.7.0
196 silly currentTree +-- path-type@2.0.0
196 silly currentTree +-- pbkdf2-compat@2.0.1
196 silly currentTree +-- pify@2.3.0
196 silly currentTree +-- pinkie-promise@2.0.1
196 silly currentTree +-- pinkie@2.0.4
196 silly currentTree +-- pkg-dir@1.0.0
196 silly currentTree +-- preserve@0.2.0
196 silly currentTree +-- private@0.1.6
196 silly currentTree +-- process-nextick-args@1.0.7
196 silly currentTree +-- process@0.5.2
196 silly currentTree +-- promise@7.1.1
196 silly currentTree +-- prr@0.0.0
196 silly currentTree +-- pseudomap@1.0.2
196 silly currentTree +-- punycode@1.3.2
196 silly currentTree +-- querystring-es3@0.2.1
196 silly currentTree +-- querystring@0.2.0
196 silly currentTree +-- randomatic@1.1.6
196 silly currentTree +-- range-parser@1.2.0
196 silly currentTree +-- react-deep-force-update@2.0.1
196 silly currentTree +-- react-dom@15.4.1
196 silly currentTree +-- react-hot-loader@3.0.0-beta.6
196 silly currentTree | `-- source-map@0.4.4
196 silly currentTree +-- react-proxy@3.0.0-alpha.1
196 silly currentTree +-- react@15.4.1
196 silly currentTree +-- read-pkg-up@2.0.0
196 silly currentTree | `-- find-up@2.1.0
196 silly currentTree +-- read-pkg@2.0.0
196 silly currentTree +-- readable-stream@2.2.2
196 silly currentTree | `-- isarray@1.0.0
196 silly currentTree +-- readdirp@2.1.0
196 silly currentTree +-- redbox-react@1.3.3
196 silly currentTree +-- regenerate@1.3.2
196 silly currentTree +-- regenerator-runtime@0.9.6
196 silly currentTree +-- regenerator-transform@0.9.8
196 silly currentTree +-- regex-cache@0.4.3
196 silly currentTree +-- regexpu-core@2.0.0
196 silly currentTree +-- regjsgen@0.2.0
196 silly currentTree +-- regjsparser@0.1.5
196 silly currentTree | `-- jsesc@0.5.0
196 silly currentTree +-- repeat-element@1.1.2
196 silly currentTree +-- repeat-string@1.6.1
196 silly currentTree +-- repeating@2.0.1
196 silly currentTree +-- resolve@1.2.0
196 silly currentTree +-- right-align@0.1.3
196 silly currentTree +-- rimraf@2.5.4
196 silly currentTree +-- ripemd160@0.2.0
196 silly currentTree +-- semver@5.3.0
196 silly currentTree +-- send@0.14.1
196 silly currentTree | +-- debug@2.2.0
196 silly currentTree | +-- http-errors@1.5.1
196 silly currentTree | `-- ms@0.7.1
196 silly currentTree +-- set-immediate-shim@1.0.1
196 silly currentTree +-- setprototypeof@1.0.2
196 silly currentTree +-- sha.js@2.2.6
196 silly currentTree +-- shebang-command@1.2.0
196 silly currentTree +-- shebang-regex@1.0.0
196 silly currentTree +-- slash@1.0.0
196 silly currentTree +-- source-list-map@0.1.7
196 silly currentTree +-- source-map-support@0.4.6
196 silly currentTree +-- source-map@0.5.6
196 silly currentTree +-- spdx-correct@1.0.2
196 silly currentTree +-- spdx-expression-parse@1.0.4
196 silly currentTree +-- spdx-license-ids@1.2.2
196 silly currentTree +-- stackframe@0.3.1
196 silly currentTree +-- statuses@1.3.1
196 silly currentTree +-- stream-browserify@1.0.0
196 silly currentTree | `-- readable-stream@1.1.14
196 silly currentTree +-- string_decoder@0.10.31
196 silly currentTree +-- strip-ansi@3.0.1
196 silly currentTree +-- strip-bom@3.0.0
196 silly currentTree +-- supports-color@2.0.0
196 silly currentTree +-- tapable@0.1.10
196 silly currentTree +-- thenify-all@1.6.0
196 silly currentTree +-- thenify@3.2.1
196 silly currentTree +-- timers-browserify@1.4.2
196 silly currentTree | `-- process@0.11.9
196 silly currentTree +-- to-fast-properties@1.0.2
196 silly currentTree +-- tty-browserify@0.0.0
196 silly currentTree +-- ua-parser-js@0.7.12
196 silly currentTree +-- uglify-js@2.7.5
196 silly currentTree | `-- async@0.2.10
196 silly currentTree +-- uglify-to-browserify@1.0.2
196 silly currentTree +-- url@0.11.0
196 silly currentTree +-- util-deprecate@1.0.2
196 silly currentTree +-- util@0.10.3
196 silly currentTree | `-- inherits@2.0.1
196 silly currentTree +-- validate-npm-package-license@3.0.1
196 silly currentTree +-- vm-browserify@0.0.4
196 silly currentTree +-- watchpack@0.2.9
196 silly currentTree | `-- async@0.9.2
196 silly currentTree +-- webpack-core@0.6.9
196 silly currentTree | `-- source-map@0.4.4
196 silly currentTree +-- webpack-dev-middleware@1.8.4
196 silly currentTree +-- webpack-hot-middleware@2.13.2
196 silly currentTree +-- whatwg-fetch@2.0.1
196 silly currentTree +-- which@1.2.12
196 silly currentTree +-- window-size@0.1.0
196 silly currentTree +-- wordwrap@0.0.3
196 silly currentTree +-- wrappy@1.0.2
196 silly currentTree +-- write-file-webpack-plugin@3.4.2
196 silly currentTree +-- yallist@2.0.0
196 silly currentTree `-- yargs@3.10.0
197 silly idealTree streamer@1.0.0
197 silly idealTree +-- acorn@3.3.0
197 silly idealTree +-- align-text@0.1.4
197 silly idealTree +-- amdefine@1.0.1
197 silly idealTree +-- ansi-html@0.0.6
197 silly idealTree +-- ansi-regex@2.0.0
197 silly idealTree +-- ansi-styles@2.2.1
197 silly idealTree +-- any-promise@1.3.0
197 silly idealTree +-- anymatch@1.3.0
197 silly idealTree +-- arr-diff@2.0.0
197 silly idealTree +-- arr-flatten@1.0.1
197 silly idealTree +-- array-union@1.0.2
197 silly idealTree +-- array-uniq@1.0.3
197 silly idealTree +-- array-unique@0.2.1
197 silly idealTree +-- arrify@1.0.1
197 silly idealTree +-- asap@2.0.5
197 silly idealTree +-- assert@1.4.1
197 silly idealTree +-- async-each@1.0.1
197 silly idealTree +-- async@1.5.2
197 silly idealTree +-- babel-code-frame@6.20.0
197 silly idealTree +-- babel-core@6.18.2
197 silly idealTree +-- babel-generator@6.19.0
197 silly idealTree +-- babel-helper-builder-react-jsx@6.21.0
197 silly idealTree +-- babel-helper-call-delegate@6.18.0
197 silly idealTree +-- babel-helper-define-map@6.18.0
197 silly idealTree +-- babel-helper-function-name@6.18.0
197 silly idealTree +-- babel-helper-get-function-arity@6.18.0
197 silly idealTree +-- babel-helper-hoist-variables@6.18.0
197 silly idealTree +-- babel-helper-optimise-call-expression@6.18.0
197 silly idealTree +-- babel-helper-regex@6.18.0
197 silly idealTree +-- babel-helper-remap-async-to-generator@6.20.3
197 silly idealTree | +-- babel-runtime@6.20.0
197 silly idealTree | `-- regenerator-runtime@0.10.1
197 silly idealTree +-- babel-helper-replace-supers@6.18.0
197 silly idealTree +-- babel-helpers@6.16.0
197 silly idealTree +-- babel-loader@6.2.8
197 silly idealTree +-- babel-messages@6.8.0
197 silly idealTree +-- babel-plugin-check-es2015-constants@6.8.0
197 silly idealTree +-- babel-plugin-module-resolver@2.4.0
197 silly idealTree +-- babel-plugin-react-require@3.0.0
197 silly idealTree +-- babel-plugin-syntax-async-functions@6.13.0
197 silly idealTree +-- babel-plugin-syntax-class-properties@6.13.0
197 silly idealTree +-- babel-plugin-syntax-flow@6.18.0
197 silly idealTree +-- babel-plugin-syntax-jsx@6.18.0
197 silly idealTree +-- babel-plugin-syntax-object-rest-spread@6.13.0
197 silly idealTree +-- babel-plugin-transform-async-to-generator@6.16.0
197 silly idealTree +-- babel-plugin-transform-class-properties@6.19.0
197 silly idealTree +-- babel-plugin-transform-es2015-arrow-functions@6.8.0
197 silly idealTree +-- babel-plugin-transform-es2015-block-scoped-functions@6.8.0
197 silly idealTree +-- babel-plugin-transform-es2015-block-scoping@6.21.0
197 silly idealTree | +-- babel-runtime@6.20.0
197 silly idealTree | `-- regenerator-runtime@0.10.1
197 silly idealTree +-- babel-plugin-transform-es2015-classes@6.18.0
197 silly idealTree +-- babel-plugin-transform-es2015-computed-properties@6.8.0
197 silly idealTree +-- babel-plugin-transform-es2015-destructuring@6.19.0
197 silly idealTree +-- babel-plugin-transform-es2015-duplicate-keys@6.8.0
197 silly idealTree +-- babel-plugin-transform-es2015-for-of@6.18.0
197 silly idealTree +-- babel-plugin-transform-es2015-function-name@6.9.0
197 silly idealTree +-- babel-plugin-transform-es2015-literals@6.8.0
197 silly idealTree +-- babel-plugin-transform-es2015-modules-amd@6.18.0
197 silly idealTree +-- babel-plugin-transform-es2015-modules-commonjs@6.18.0
197 silly idealTree +-- babel-plugin-transform-es2015-modules-systemjs@6.19.0
197 silly idealTree +-- babel-plugin-transform-es2015-modules-umd@6.18.0
197 silly idealTree +-- babel-plugin-transform-es2015-object-super@6.8.0
197 silly idealTree +-- babel-plugin-transform-es2015-parameters@6.21.0
197 silly idealTree +-- babel-plugin-transform-es2015-shorthand-properties@6.18.0
197 silly idealTree +-- babel-plugin-transform-es2015-spread@6.8.0
197 silly idealTree +-- babel-plugin-transform-es2015-sticky-regex@6.8.0
197 silly idealTree +-- babel-plugin-transform-es2015-template-literals@6.8.0
197 silly idealTree +-- babel-plugin-transform-es2015-typeof-symbol@6.18.0
197 silly idealTree +-- babel-plugin-transform-es2015-unicode-regex@6.11.0
197 silly idealTree +-- babel-plugin-transform-flow-strip-types@6.21.0
197 silly idealTree +-- babel-plugin-transform-object-rest-spread@6.19.0
197 silly idealTree +-- babel-plugin-transform-react-display-name@6.8.0
197 silly idealTree +-- babel-plugin-transform-react-jsx-self@6.11.0
197 silly idealTree +-- babel-plugin-transform-react-jsx-source@6.9.0
197 silly idealTree +-- babel-plugin-transform-react-jsx@6.8.0
197 silly idealTree +-- babel-plugin-transform-regenerator@6.21.0
197 silly idealTree +-- babel-plugin-transform-runtime@6.15.0
197 silly idealTree +-- babel-plugin-transform-strict-mode@6.18.0
197 silly idealTree +-- babel-preset-es2015@6.18.0
197 silly idealTree +-- babel-preset-react@6.16.0
197 silly idealTree +-- babel-register@6.18.0
197 silly idealTree +-- babel-runtime@6.18.0
197 silly idealTree +-- babel-template@6.16.0
197 silly idealTree +-- babel-traverse@6.21.0
197 silly idealTree | +-- babel-runtime@6.20.0
197 silly idealTree | `-- regenerator-runtime@0.10.1
197 silly idealTree +-- babel-types@6.21.0
197 silly idealTree | +-- babel-runtime@6.20.0
197 silly idealTree | `-- regenerator-runtime@0.10.1
197 silly idealTree +-- babylon@6.14.1
197 silly idealTree +-- balanced-match@0.4.2
197 silly idealTree +-- base64-js@1.2.0
197 silly idealTree +-- Base64@0.2.1
197 silly idealTree +-- big.js@3.1.3
197 silly idealTree +-- binary-extensions@1.8.0
197 silly idealTree +-- brace-expansion@1.1.6
197 silly idealTree +-- braces@1.8.5
197 silly idealTree +-- browserify-zlib@0.1.4
197 silly idealTree +-- buffer-shims@1.0.0
197 silly idealTree +-- buffer@4.9.1
197 silly idealTree | `-- isarray@1.0.0
197 silly idealTree +-- builtin-modules@1.1.1
197 silly idealTree +-- camelcase@1.2.1
197 silly idealTree +-- center-align@0.1.3
197 silly idealTree +-- chalk@1.1.3
197 silly idealTree +-- chokidar@1.6.1
197 silly idealTree +-- cliui@2.1.0
197 silly idealTree | `-- wordwrap@0.0.2
197 silly idealTree +-- clone@1.0.2
197 silly idealTree +-- commondir@1.0.1
197 silly idealTree +-- concat-map@0.0.1
197 silly idealTree +-- console-browserify@1.1.0
197 silly idealTree +-- constants-browserify@0.0.1
197 silly idealTree +-- convert-source-map@1.3.0
197 silly idealTree +-- core-js@2.4.1
197 silly idealTree +-- core-util-is@1.0.2
197 silly idealTree +-- cross-spawn@5.0.1
197 silly idealTree +-- crypto-browserify@3.2.8
197 silly idealTree +-- date-now@0.1.4
197 silly idealTree +-- debug@2.4.4
197 silly idealTree +-- decamelize@1.2.0
197 silly idealTree +-- del@2.2.2
197 silly idealTree +-- depd@1.1.0
197 silly idealTree +-- destroy@1.0.4
197 silly idealTree +-- detect-indent@4.0.0
197 silly idealTree +-- dom-walk@0.1.1
197 silly idealTree +-- domain-browser@1.1.7
197 silly idealTree +-- domready@1.0.8
197 silly idealTree +-- ee-first@1.1.1
197 silly idealTree +-- emojis-list@2.1.0
197 silly idealTree +-- encodeurl@1.0.1
197 silly idealTree +-- encoding@0.1.12
197 silly idealTree +-- enhanced-resolve@0.9.1
197 silly idealTree | `-- memory-fs@0.2.0
197 silly idealTree +-- errno@0.1.4
197 silly idealTree +-- error-ex@1.3.0
197 silly idealTree +-- error-stack-parser@1.3.6
197 silly idealTree +-- escape-html@1.0.3
197 silly idealTree +-- escape-string-regexp@1.0.5
197 silly idealTree +-- esutils@2.0.2
197 silly idealTree +-- etag@1.7.0
197 silly idealTree +-- events@1.1.1
197 silly idealTree +-- expand-brackets@0.1.5
197 silly idealTree +-- expand-range@1.8.2
197 silly idealTree +-- extglob@0.3.2
197 silly idealTree +-- fbjs@0.8.6
197 silly idealTree | `-- core-js@1.2.7
197 silly idealTree +-- filename-regex@2.0.0
197 silly idealTree +-- filesize@3.3.0
197 silly idealTree +-- fill-range@2.2.3
197 silly idealTree +-- find-babel-config@1.0.1
197 silly idealTree | `-- path-exists@3.0.0
197 silly idealTree +-- find-cache-dir@0.1.1
197 silly idealTree +-- find-up@1.1.2
197 silly idealTree +-- for-in@0.1.6
197 silly idealTree +-- for-own@0.1.4
197 silly idealTree +-- fresh@0.3.0
197 silly idealTree +-- friendly-errors-webpack-plugin@1.1.1
197 silly idealTree +-- fs.realpath@1.0.0
197 silly idealTree +-- glamor@2.20.8
197 silly idealTree +-- glob-base@0.3.0
197 silly idealTree +-- glob-parent@2.0.0
197 silly idealTree +-- glob-promise@2.0.0
197 silly idealTree +-- glob@7.1.1
197 silly idealTree +-- global@4.3.1
197 silly idealTree +-- globals@9.14.0
197 silly idealTree +-- globby@5.0.0
197 silly idealTree +-- graceful-fs@4.1.11
197 silly idealTree +-- has-ansi@2.0.0
197 silly idealTree +-- has-flag@1.0.0
197 silly idealTree +-- home-or-tmp@2.0.0
197 silly idealTree +-- hosted-git-info@2.1.5
197 silly idealTree +-- html-entities@1.2.0
197 silly idealTree +-- htmlescape@1.1.1
197 silly idealTree +-- http-browserify@1.7.0
197 silly idealTree +-- http-errors@1.4.0
197 silly idealTree | `-- inherits@2.0.1
197 silly idealTree +-- https-browserify@0.0.0
197 silly idealTree +-- iconv-lite@0.4.15
197 silly idealTree +-- ieee754@1.1.8
197 silly idealTree +-- indexof@0.0.1
197 silly idealTree +-- inflight@1.0.6
197 silly idealTree +-- inherits@2.0.3
197 silly idealTree +-- interpret@0.6.6
197 silly idealTree +-- invariant@2.2.2
197 silly idealTree +-- is-arrayish@0.2.1
197 silly idealTree +-- is-binary-path@1.0.1
197 silly idealTree +-- is-buffer@1.1.4
197 silly idealTree +-- is-builtin-module@1.0.0
197 silly idealTree +-- is-dotfile@1.0.2
197 silly idealTree +-- is-equal-shallow@0.1.3
197 silly idealTree +-- is-extendable@0.1.1
197 silly idealTree +-- is-extglob@1.0.0
197 silly idealTree +-- is-finite@1.0.2
197 silly idealTree +-- is-glob@2.0.1
197 silly idealTree +-- is-number@2.1.0
197 silly idealTree +-- is-path-cwd@1.0.0
197 silly idealTree +-- is-path-in-cwd@1.0.0
197 silly idealTree +-- is-path-inside@1.0.0
197 silly idealTree +-- is-posix-bracket@0.1.1
197 silly idealTree +-- is-primitive@2.0.0
197 silly idealTree +-- is-stream@1.1.0
197 silly idealTree +-- is-windows-bash@1.0.2
197 silly idealTree +-- isarray@0.0.1
197 silly idealTree +-- isexe@1.1.2
197 silly idealTree +-- isobject@2.1.0
197 silly idealTree | `-- isarray@1.0.0
197 silly idealTree +-- isomorphic-fetch@2.2.1
197 silly idealTree +-- js-tokens@2.0.0
197 silly idealTree +-- jsesc@1.3.0
197 silly idealTree +-- json-loader@0.5.4
197 silly idealTree +-- json5@0.5.1
197 silly idealTree +-- kind-of@3.1.0
197 silly idealTree +-- lazy-cache@1.0.4
197 silly idealTree +-- load-json-file@2.0.0
197 silly idealTree +-- loader-utils@0.2.16
197 silly idealTree +-- locate-path@2.0.0
197 silly idealTree | `-- path-exists@3.0.0
197 silly idealTree +-- lodash@4.17.2
197 silly idealTree +-- longest@1.0.1
197 silly idealTree +-- loose-envify@1.3.0
197 silly idealTree +-- lru-cache@4.0.2
197 silly idealTree +-- memory-fs@0.3.0
197 silly idealTree +-- micromatch@2.3.11
197 silly idealTree +-- mime@1.3.4
197 silly idealTree +-- min-document@2.19.0
197 silly idealTree +-- minimatch@3.0.3
197 silly idealTree +-- minimist@1.2.0
197 silly idealTree +-- mkdirp-then@1.2.0
197 silly idealTree +-- mkdirp@0.5.1
197 silly idealTree | `-- minimist@0.0.8
197 silly idealTree +-- moment@2.17.1
197 silly idealTree +-- ms@0.7.2
197 silly idealTree +-- mz@2.6.0
197 silly idealTree +-- next@1.2.3
197 silly idealTree +-- node-fetch@1.6.3
197 silly idealTree +-- node-libs-browser@0.6.0
197 silly idealTree | +-- process@0.11.9
197 silly idealTree | +-- readable-stream@1.1.14
197 silly idealTree | `-- url@0.10.3
197 silly idealTree +-- normalize-package-data@2.3.5
197 silly idealTree +-- normalize-path@2.0.1
197 silly idealTree +-- number-is-nan@1.0.1
197 silly idealTree +-- object-assign@4.1.0
197 silly idealTree +-- object.omit@2.0.1
197 silly idealTree +-- on-finished@2.3.0
197 silly idealTree +-- once@1.4.0
197 silly idealTree +-- optimist@0.6.1
197 silly idealTree | `-- minimist@0.0.10
197 silly idealTree +-- os-browserify@0.1.2
197 silly idealTree +-- os-homedir@1.0.2
197 silly idealTree +-- os-tmpdir@1.0.2
197 silly idealTree +-- p-limit@1.1.0
197 silly idealTree +-- p-locate@2.0.0
197 silly idealTree +-- pako@0.2.9
197 silly idealTree +-- parse-glob@3.0.4
197 silly idealTree +-- parse-json@2.2.0
197 silly idealTree +-- path-browserify@0.0.0
197 silly idealTree +-- path-exists@2.1.0
197 silly idealTree +-- path-is-absolute@1.0.1
197 silly idealTree +-- path-is-inside@1.0.2
197 silly idealTree +-- path-match@1.2.4
197 silly idealTree +-- path-to-regexp@1.7.0
197 silly idealTree +-- path-type@2.0.0
197 silly idealTree +-- pbkdf2-compat@2.0.1
197 silly idealTree +-- pify@2.3.0
197 silly idealTree +-- pinkie-promise@2.0.1
197 silly idealTree +-- pinkie@2.0.4
197 silly idealTree +-- pkg-dir@1.0.0
197 silly idealTree +-- preserve@0.2.0
197 silly idealTree +-- private@0.1.6
197 silly idealTree +-- process-nextick-args@1.0.7
197 silly idealTree +-- process@0.5.2
197 silly idealTree +-- promise@7.1.1
197 silly idealTree +-- prr@0.0.0
197 silly idealTree +-- pseudomap@1.0.2
197 silly idealTree +-- punycode@1.3.2
197 silly idealTree +-- querystring-es3@0.2.1
197 silly idealTree +-- querystring@0.2.0
197 silly idealTree +-- randomatic@1.1.6
197 silly idealTree +-- range-parser@1.2.0
197 silly idealTree +-- react-deep-force-update@2.0.1
197 silly idealTree +-- react-dom@15.4.1
197 silly idealTree +-- react-hot-loader@3.0.0-beta.6
197 silly idealTree | `-- source-map@0.4.4
197 silly idealTree +-- react-proxy@3.0.0-alpha.1
197 silly idealTree +-- react@15.4.1
197 silly idealTree +-- read-pkg-up@2.0.0
197 silly idealTree | `-- find-up@2.1.0
197 silly idealTree +-- read-pkg@2.0.0
197 silly idealTree +-- readable-stream@2.2.2
197 silly idealTree | `-- isarray@1.0.0
197 silly idealTree +-- readdirp@2.1.0
197 silly idealTree +-- redbox-react@1.3.3
197 silly idealTree +-- regenerate@1.3.2
197 silly idealTree +-- regenerator-runtime@0.9.6
197 silly idealTree +-- regenerator-transform@0.9.8
197 silly idealTree +-- regex-cache@0.4.3
197 silly idealTree +-- regexpu-core@2.0.0
197 silly idealTree +-- regjsgen@0.2.0
197 silly idealTree +-- regjsparser@0.1.5
197 silly idealTree | `-- jsesc@0.5.0
197 silly idealTree +-- repeat-element@1.1.2
197 silly idealTree +-- repeat-string@1.6.1
197 silly idealTree +-- repeating@2.0.1
197 silly idealTree +-- resolve@1.2.0
197 silly idealTree +-- right-align@0.1.3
197 silly idealTree +-- rimraf@2.5.4
197 silly idealTree +-- ripemd160@0.2.0
197 silly idealTree +-- semver@5.3.0
197 silly idealTree +-- send@0.14.1
197 silly idealTree | +-- debug@2.2.0
197 silly idealTree | +-- http-errors@1.5.1
197 silly idealTree | `-- ms@0.7.1
197 silly idealTree +-- set-immediate-shim@1.0.1
197 silly idealTree +-- setprototypeof@1.0.2
197 silly idealTree +-- sha.js@2.2.6
197 silly idealTree +-- shebang-command@1.2.0
197 silly idealTree +-- shebang-regex@1.0.0
197 silly idealTree +-- slash@1.0.0
197 silly idealTree +-- source-list-map@0.1.7
197 silly idealTree +-- source-map-support@0.4.6
197 silly idealTree +-- source-map@0.5.6
197 silly idealTree +-- spdx-correct@1.0.2
197 silly idealTree +-- spdx-expression-parse@1.0.4
197 silly idealTree +-- spdx-license-ids@1.2.2
197 silly idealTree +-- stackframe@0.3.1
197 silly idealTree +-- statuses@1.3.1
197 silly idealTree +-- stream-browserify@1.0.0
197 silly idealTree | `-- readable-stream@1.1.14
197 silly idealTree +-- string_decoder@0.10.31
197 silly idealTree +-- strip-ansi@3.0.1
197 silly idealTree +-- strip-bom@3.0.0
197 silly idealTree +-- supports-color@2.0.0
197 silly idealTree +-- tapable@0.1.10
197 silly idealTree +-- thenify-all@1.6.0
197 silly idealTree +-- thenify@3.2.1
197 silly idealTree +-- timers-browserify@1.4.2
197 silly idealTree | `-- process@0.11.9
197 silly idealTree +-- to-fast-properties@1.0.2
197 silly idealTree +-- tty-browserify@0.0.0
197 silly idealTree +-- ua-parser-js@0.7.12
197 silly idealTree +-- uglify-js@2.7.5
197 silly idealTree | `-- async@0.2.10
197 silly idealTree +-- uglify-to-browserify@1.0.2
197 silly idealTree +-- url@0.11.0
197 silly idealTree +-- util-deprecate@1.0.2
197 silly idealTree +-- util@0.10.3
197 silly idealTree | `-- inherits@2.0.1
197 silly idealTree +-- validate-npm-package-license@3.0.1
197 silly idealTree +-- vm-browserify@0.0.4
197 silly idealTree +-- watchpack@0.2.9
197 silly idealTree | `-- async@0.9.2
197 silly idealTree +-- webpack-core@0.6.9
197 silly idealTree | `-- source-map@0.4.4
197 silly idealTree +-- webpack-dev-middleware@1.8.4
197 silly idealTree +-- webpack-hot-middleware@2.13.2
197 silly idealTree +-- webpack@1.13.3
197 silly idealTree | `-- supports-color@3.1.2
197 silly idealTree +-- whatwg-fetch@2.0.1
197 silly idealTree +-- which@1.2.12
197 silly idealTree +-- window-size@0.1.0
197 silly idealTree +-- wordwrap@0.0.3
197 silly idealTree +-- wrappy@1.0.2
197 silly idealTree +-- write-file-webpack-plugin@3.4.2
197 silly idealTree +-- yallist@2.0.0
197 silly idealTree `-- yargs@3.10.0
198 silly generateActionsToTake Starting
199 silly install generateActionsToTake
200 silly generateActionsToTake Finishing
201 silly diffTrees action count 4
202 silly diffTrees add acorn@3.3.0
203 silly diffTrees add supports-color@3.1.2
204 silly diffTrees add webpack@1.13.3
205 silly diffTrees add next@1.2.3
206 silly decomposeActions action count 32
207 silly decomposeActions fetch acorn@3.3.0
208 silly decomposeActions extract acorn@3.3.0
209 silly decomposeActions test acorn@3.3.0
210 silly decomposeActions preinstall acorn@3.3.0
211 silly decomposeActions build acorn@3.3.0
212 silly decomposeActions install acorn@3.3.0
213 silly decomposeActions postinstall acorn@3.3.0
214 silly decomposeActions finalize acorn@3.3.0
215 silly decomposeActions fetch supports-color@3.1.2
216 silly decomposeActions extract supports-color@3.1.2
217 silly decomposeActions test supports-color@3.1.2
218 silly decomposeActions preinstall supports-color@3.1.2
219 silly decomposeActions build supports-color@3.1.2
220 silly decomposeActions install supports-color@3.1.2
221 silly decomposeActions postinstall supports-color@3.1.2
222 silly decomposeActions finalize supports-color@3.1.2
223 silly decomposeActions fetch webpack@1.13.3
224 silly decomposeActions extract webpack@1.13.3
225 silly decomposeActions test webpack@1.13.3
226 silly decomposeActions preinstall webpack@1.13.3
227 silly decomposeActions build webpack@1.13.3
228 silly decomposeActions install webpack@1.13.3
229 silly decomposeActions postinstall webpack@1.13.3
230 silly decomposeActions finalize webpack@1.13.3
231 silly decomposeActions fetch next@1.2.3
232 silly decomposeActions extract next@1.2.3
233 silly decomposeActions test next@1.2.3
234 silly decomposeActions preinstall next@1.2.3
235 silly decomposeActions build next@1.2.3
236 silly decomposeActions install next@1.2.3
237 silly decomposeActions postinstall next@1.2.3
238 silly decomposeActions finalize next@1.2.3
239 silly runTopLevelLifecycles Starting
240 silly install runPreinstallTopLevelLifecycles
241 silly preinstall streamer@1.0.0 /src/frontend/streamer-a113646a
242 info lifecycle streamer@1.0.0~preinstall: streamer@1.0.0
243 silly lifecycle streamer@1.0.0~preinstall: no script for preinstall, continuing
244 silly executeActions Starting
245 silly install executeActions
246 silly doSerial global-install 0
247 silly doParallel fetch 4
248 verbose correctMkdir /root/.npm/_locks correctMkdir not in flight; initializing
249 verbose lock using /root/.npm/_locks/staging-13d7688bfd3edde5.lock for /src/frontend/node_modules/.staging
250 silly doParallel extract 4
251 silly extract acorn@3.3.0
252 silly extract supports-color@3.1.2
253 silly extract webpack@1.13.3
254 silly extract next@1.2.3
255 verbose unbuild node_modules/.staging/supports-color-71203005
256 verbose unbuild node_modules/.staging/acorn-03173468
257 verbose unbuild node_modules/.staging/webpack-290f5e3a
258 verbose unbuild node_modules/.staging/next-3f4f9b0a
259 silly gentlyRm /src/frontend/node_modules/.staging/supports-color-71203005 is being purged from base /src/frontend
260 verbose gentlyRm don't care about contents; nuking /src/frontend/node_modules/.staging/supports-color-71203005
261 silly gentlyRm /src/frontend/node_modules/.staging/webpack-290f5e3a is being purged from base /src/frontend
262 verbose gentlyRm don't care about contents; nuking /src/frontend/node_modules/.staging/webpack-290f5e3a
263 silly gentlyRm /src/frontend/node_modules/.staging/acorn-03173468 is being purged from base /src/frontend
264 verbose gentlyRm don't care about contents; nuking /src/frontend/node_modules/.staging/acorn-03173468
265 verbose tar unpack /root/.npm/supports-color/3.1.2/package.tgz
266 verbose tar unpacking to /src/frontend/node_modules/.staging/supports-color-71203005
267 silly gentlyRm /src/frontend/node_modules/.staging/supports-color-71203005 is being purged
268 verbose gentlyRm don't care about contents; nuking /src/frontend/node_modules/.staging/supports-color-71203005
269 silly gentlyRm /src/frontend/node_modules/.staging/next-3f4f9b0a is being purged from base /src/frontend
270 verbose gentlyRm don't care about contents; nuking /src/frontend/node_modules/.staging/next-3f4f9b0a
271 verbose tar unpack /root/.npm/webpack/1.13.3/package.tgz
272 verbose tar unpacking to /src/frontend/node_modules/.staging/webpack-290f5e3a
273 silly gentlyRm /src/frontend/node_modules/.staging/webpack-290f5e3a is being purged
274 verbose gentlyRm don't care about contents; nuking /src/frontend/node_modules/.staging/webpack-290f5e3a
275 verbose tar unpack /root/.npm/acorn/3.3.0/package.tgz
276 verbose tar unpacking to /src/frontend/node_modules/.staging/acorn-03173468
277 silly gentlyRm /src/frontend/node_modules/.staging/acorn-03173468 is being purged
278 verbose gentlyRm don't care about contents; nuking /src/frontend/node_modules/.staging/acorn-03173468
279 silly gunzTarPerm modes [ '755', '644' ]
280 verbose tar unpack /root/.npm/next/1.2.3/package.tgz
281 verbose tar unpacking to /src/frontend/node_modules/.staging/next-3f4f9b0a
282 silly gentlyRm /src/frontend/node_modules/.staging/next-3f4f9b0a is being purged
283 verbose gentlyRm don't care about contents; nuking /src/frontend/node_modules/.staging/next-3f4f9b0a
284 silly gunzTarPerm modes [ '755', '644' ]
285 silly gunzTarPerm modes [ '755', '644' ]
286 silly gunzTarPerm modes [ '755', '644' ]
287 silly gunzTarPerm extractEntry package.json
288 silly gunzTarPerm extractEntry package.json
289 silly gunzTarPerm extractEntry package.json
290 silly gunzTarPerm extractEntry package.json
291 silly gunzTarPerm extractEntry index.js
292 silly gunzTarPerm extractEntry browser.js
293 silly gunzTarPerm extractEntry README.md
294 silly gunzTarPerm extractEntry .npmignore
295 silly gunzTarPerm extractEntry README.md
296 silly gunzTarPerm extractEntry LICENSE
297 silly gunzTarPerm extractEntry README.md
298 silly gunzTarPerm extractEntry css.js
299 silly gunzTarPerm extractEntry license
300 silly gunzTarPerm extractEntry readme.md
301 silly gunzTarPerm extractEntry bin/config-optimist.js
302 silly gunzTarPerm extractEntry bin/convert-argv.js
303 silly gunzTarPerm extractEntry LICENSE
304 silly gunzTarPerm extractEntry head.js
305 silly gunzTarPerm extractEntry link.js
306 silly gunzTarPerm extractEntry .tern-project
307 silly gunzTarPerm extractEntry .travis.yml
308 silly gunzTarPerm extractEntry bin/webpack.js
309 silly gunzTarPerm extractEntry buildin/amd-define.js
310 silly gunzTarPerm extractEntry dist/bin/next
311 silly gunzTarPerm extractEntry dist/bin/next-build
312 silly gunzTarPerm extractEntry buildin/amd-options.js
313 silly gunzTarPerm extractEntry buildin/module.js
314 silly gunzTarPerm extractEntry AUTHORS
315 silly gunzTarPerm extractEntry CHANGELOG.md
316 silly gunzTarPerm extractEntry dist/bin/next-dev
317 silly gunzTarPerm extractEntry dist/bin/next-init
318 silly gunzTarPerm extractEntry .gitattributes
319 silly gunzTarPerm extractEntry bin/generate-identifier-regex.js
320 silly gunzTarPerm extractEntry buildin/return-require.js
321 silly gunzTarPerm extractEntry hot/dev-server.js
322 silly gunzTarPerm extractEntry dist/bin/next-start
323 silly gunzTarPerm extractEntry dist/client/head-manager.js
324 silly gunzTarPerm extractEntry bin/acorn
325 silly gunzTarPerm extractEntry bin/update_authors.sh
326 silly gunzTarPerm extractEntry hot/log-apply-result.js
327 silly gunzTarPerm extractEntry hot/only-dev-server.js
328 silly gunzTarPerm extractEntry dist/client/next-dev.bundle.js
329 silly gunzTarPerm extractEntry dist/acorn.es.js
330 silly gunzTarPerm extractEntry dist/acorn.js
331 silly gunzTarPerm extractEntry hot/poll.js
332 silly gunzTarPerm extractEntry hot/signal.js
333 silly gentlyRm /src/frontend/node_modules/.staging/supports-color-71203005/node_modules is being purged
334 verbose gentlyRm don't care about contents; nuking /src/frontend/node_modules/.staging/supports-color-71203005/node_modules
335 silly gunzTarPerm extractEntry dist/acorn_loose.es.js
336 silly gunzTarPerm extractEntry dist/client/next-dev.js
337 silly gunzTarPerm extractEntry dist/client/next.bundle.js
338 silly gunzTarPerm extractEntry dist/client/next.js
339 silly gunzTarPerm extractEntry lib/APIPlugin.js
340 silly gunzTarPerm extractEntry lib/JsonpHotUpdateChunkTemplatePlugin.js
341 silly gunzTarPerm extractEntry dist/acorn_loose.js
342 silly gunzTarPerm extractEntry dist/walk.es.js
343 silly gunzTarPerm extractEntry dist/client/webpack-hot-middleware-client.js
344 silly gunzTarPerm extractEntry dist/lib/app.js
345 silly gunzTarPerm extractEntry lib/JsonpMainTemplate.runtime.js
346 silly gunzTarPerm extractEntry lib/JsonpMainTemplatePlugin.js
347 silly gunzTarPerm extractEntry dist/walk.js
348 silly gunzTarPerm extractEntry dist/.keep
349 silly gunzTarPerm extractEntry lib/JsonpTemplatePlugin.js
350 silly gunzTarPerm extractEntry lib/JsonpExportMainTemplatePlugin.js
351 silly gunzTarPerm extractEntry dist/lib/css.js
352 silly gunzTarPerm extractEntry dist/lib/document.js
353 silly gunzTarPerm extractEntry dist/lib/eval-script.js
354 silly gunzTarPerm extractEntry src/whitespace.js
355 silly gunzTarPerm extractEntry src/locutil.js
356 silly gunzTarPerm extractEntry lib/LibraryTemplatePlugin.js
357 silly gunzTarPerm extractEntry lib/AbstractPlugin.js
358 silly gunzTarPerm extractEntry dist/lib/head.js
359 silly gunzTarPerm extractEntry dist/lib/link.js
360 silly gunzTarPerm extractEntry src/util.js
361 silly gunzTarPerm extractEntry src/lval.js
362 silly gunzTarPerm extractEntry lib/MainTemplate.js
363 silly gunzTarPerm extractEntry lib/MemoryOutputFileSystem.js
364 silly gunzTarPerm extractEntry dist/lib/router.js
365 silly gunzTarPerm extractEntry dist/lib/shallow-equals.js
366 silly gunzTarPerm extractEntry src/location.js
367 silly gunzTarPerm extractEntry src/expression.js
368 silly gunzTarPerm extractEntry src/parseutil.js
369 silly gunzTarPerm extractEntry src/state.js
370 silly gunzTarPerm extractEntry src/statement.js
371 silly gunzTarPerm extractEntry src/tokencontext.js
372 silly gunzTarPerm extractEntry src/index.js
373 silly gunzTarPerm extractEntry src/tokenize.js
374 silly gunzTarPerm extractEntry lib/Module.js
375 silly gunzTarPerm extractEntry lib/JsonpChunkTemplatePlugin.js
376 silly gunzTarPerm extractEntry src/identifier.js
377 silly gunzTarPerm extractEntry dist/lib/side-effect.js
378 silly gunzTarPerm extractEntry dist/pages/_error-debug.js
379 silly gunzTarPerm extractEntry dist/pages/_error.js
380 silly gunzTarPerm extractEntry dist/server/config.js
381 silly gunzTarPerm extractEntry dist/server/hot-reloader.js
382 silly gunzTarPerm extractEntry lib/ModuleFilenameHelpers.js
383 silly gunzTarPerm extractEntry lib/IgnorePlugin.js
384 silly gunzTarPerm extractEntry dist/server/index.js
385 silly gunzTarPerm extractEntry dist/server/read.js
386 silly gunzTarPerm extractEntry src/tokentype.js
387 silly gunzTarPerm extractEntry src/node.js
388 silly gunzTarPerm extractEntry src/options.js
389 silly gunzTarPerm extractEntry dist/server/render.js
390 silly gunzTarPerm extractEntry src/loose/expression.js
391 silly gunzTarPerm extractEntry dist/server/require.js
392 silly gunzTarPerm extractEntry src/loose/index.js
393 silly gunzTarPerm extractEntry dist/server/resolve.js
394 silly gunzTarPerm extractEntry src/loose/parseutil.js
395 silly gunzTarPerm extractEntry lib/ModuleNotFoundError.js
396 silly gunzTarPerm extractEntry lib/HotUpdateChunkTemplate.js
397 silly gunzTarPerm extractEntry dist/server/router.js
398 silly gunzTarPerm extractEntry src/loose/state.js
399 silly gunzTarPerm extractEntry src/loose/statement.js
400 silly gunzTarPerm extractEntry dist/server/build/clean.js
401 silly gunzTarPerm extractEntry src/loose/tokenize.js
402 silly gunzTarPerm extractEntry dist/server/build/index.js
403 silly gunzTarPerm extractEntry src/walk/index.js
404 silly gunzTarPerm extractEntry src/bin/acorn.js
405 silly gunzTarPerm extractEntry .editorconfig
406 silly gunzTarPerm extractEntry rollup/config.bin.js
407 silly gunzTarPerm extractEntry rollup/config.loose.js
408 silly gunzTarPerm extractEntry rollup/config.main.js
409 silly gunzTarPerm extractEntry rollup/config.walk.js
410 silly gunzTarPerm extractEntry dist/server/build/webpack.js
411 silly gunzTarPerm extractEntry dist/server/build/loaders/emit-file-loader.js
412 silly gunzTarPerm extractEntry dist/server/build/loaders/hot-self-accept-loader.js
413 silly gunzTarPerm extractEntry lib/ModuleParseError.js
414 silly gunzTarPerm extractEntry lib/HotModuleReplacementPlugin.js
415 silly gunzTarPerm extractEntry dist/server/build/plugins/detach-plugin.js
416 silly gunzTarPerm extractEntry dist/server/build/plugins/dynamic-entry-plugin.js
417 silly gunzTarPerm extractEntry dist/server/build/plugins/unlink-file-plugin.js
418 silly gunzTarPerm extractEntry dist/server/build/plugins/watch-pages-plugin.js
419 silly gunzTarPerm extractEntry dist/server/build/plugins/watch-remove-event-plugin.js
420 silly gunzTarPerm extractEntry LICENSE.md
421 silly gunzTarPerm extractEntry lib/ModuleParserHelpers.js
422 silly gunzTarPerm extractEntry lib/HotModuleReplacement.runtime.js
423 silly gunzTarPerm extractEntry lib/ModuleReason.js
424 silly gunzTarPerm extractEntry lib/FunctionModuleTemplatePlugin.js
425 silly gunzTarPerm extractEntry lib/ModuleTemplate.js
426 silly gunzTarPerm extractEntry lib/FunctionModulePlugin.js
427 silly gunzTarPerm extractEntry lib/MovedToPluginWarningPlugin.js
428 silly gunzTarPerm extractEntry lib/ExternalsPlugin.js
429 silly gunzTarPerm extractEntry lib/MultiCompiler.js
430 silly gunzTarPerm extractEntry lib/ExternalModuleFactoryPlugin.js
431 silly gunzTarPerm extractEntry lib/MultiEntryPlugin.js
432 silly gunzTarPerm extractEntry lib/ExternalModule.js
433 silly gunzTarPerm extractEntry lib/MultiModule.js
434 silly gunzTarPerm extractEntry lib/ExtendedAPIPlugin.js
435 silly gunzTarPerm extractEntry lib/MultiModuleFactory.js
436 silly gunzTarPerm extractEntry lib/EvalSourceMapDevToolPlugin.js
437 silly gunzTarPerm extractEntry lib/NamedModulesPlugin.js
438 silly gunzTarPerm extractEntry lib/EvalSourceMapDevToolModuleTemplatePlugin.js
439 silly gunzTarPerm extractEntry lib/NewWatchingPlugin.js
440 silly gunzTarPerm extractEntry lib/EvalDevToolModuleTemplatePlugin.js
441 silly gunzTarPerm extractEntry lib/NoErrorsPlugin.js
442 silly gunzTarPerm extractEntry lib/EvalDevToolModulePlugin.js
443 silly gunzTarPerm extractEntry lib/NodeStuffPlugin.js
444 silly gunzTarPerm extractEntry lib/EnvironmentPlugin.js
445 silly gunzTarPerm extractEntry lib/NormalModule.js
446 silly gunzTarPerm extractEntry lib/EntryOptionPlugin.js
447 silly gunzTarPerm extractEntry lib/NormalModuleFactory.js
448 silly gunzTarPerm extractEntry lib/EntryModuleNotFoundError.js
449 silly gunzTarPerm extractEntry lib/NormalModuleReplacementPlugin.js
450 silly gunzTarPerm extractEntry lib/DllReferencePlugin.js
451 silly gunzTarPerm extractEntry lib/NullFactory.js
452 silly gunzTarPerm extractEntry lib/DllPlugin.js
453 silly gunzTarPerm extractEntry lib/OldWatchingPlugin.js
454 silly gunzTarPerm extractEntry lib/DllModuleFactory.js
455 silly gunzTarPerm extractEntry lib/OptionsApply.js
456 silly gunzTarPerm extractEntry lib/DllModule.js
457 silly gunzTarPerm extractEntry lib/OriginalSource.js
458 silly gunzTarPerm extractEntry lib/DllEntryPlugin.js
459 silly gunzTarPerm extractEntry lib/Parser.js
460 silly gunzTarPerm extractEntry lib/Dependency.js
461 silly gunzTarPerm extractEntry lib/PrefetchPlugin.js
462 silly gunzTarPerm extractEntry lib/DependenciesBlockVariable.js
463 silly gunzTarPerm extractEntry lib/ProgressPlugin.js
464 silly gunzTarPerm extractEntry lib/DependenciesBlock.js
465 silly gunzTarPerm extractEntry lib/ProvidePlugin.js
466 silly gunzTarPerm extractEntry lib/DelegatedPlugin.js
467 silly gunzTarPerm extractEntry lib/RawModule.js
468 silly gunzTarPerm extractEntry lib/DelegatedModuleFactoryPlugin.js
469 silly gunzTarPerm extractEntry lib/RawSource.js
470 silly gunzTarPerm extractEntry lib/DelegatedModule.js
471 silly gunzTarPerm extractEntry lib/RecordIdsPlugin.js
472 silly gunzTarPerm extractEntry lib/DefinePlugin.js
473 silly gunzTarPerm extractEntry lib/RequestShortener.js
474 silly gunzTarPerm extractEntry lib/CriticalDependenciesWarning.js
475 silly gunzTarPerm extractEntry lib/RequireJsStuffPlugin.js
476 silly gunzTarPerm extractEntry lib/ContextReplacementPlugin.js
477 silly gunzTarPerm extractEntry lib/ResolverPlugin.js
478 silly gunzTarPerm extractEntry lib/ContextModuleFactory.js
479 silly gunzTarPerm extractEntry lib/SetVarMainTemplatePlugin.js
480 silly gunzTarPerm extractEntry lib/ContextModule.js
481 silly gunzTarPerm extractEntry lib/SingleEntryPlugin.js
482 silly gunzTarPerm extractEntry lib/ConstPlugin.js
483 silly gunzTarPerm extractEntry lib/Source.js
484 silly gunzTarPerm extractEntry lib/ConcatSource.js
485 silly gunzTarPerm extractEntry lib/SourceMapDevToolModuleOptionsPlugin.js
486 silly gunzTarPerm extractEntry lib/Compiler.js
487 silly gunzTarPerm extractEntry lib/SourceMapDevToolPlugin.js
488 silly gunzTarPerm extractEntry lib/Compilation.js
489 silly gunzTarPerm extractEntry lib/SourceMapSource.js
490 silly gunzTarPerm extractEntry lib/CompatibilityPlugin.js
491 silly gunzTarPerm extractEntry lib/Stats.js
492 silly gentlyRm /src/frontend/node_modules/.staging/acorn-03173468/node_modules is being purged
493 verbose gentlyRm don't care about contents; nuking /src/frontend/node_modules/.staging/acorn-03173468/node_modules
494 silly gunzTarPerm extractEntry lib/ChunkTemplate.js
495 silly gunzTarPerm extractEntry lib/Template.js
496 silly gunzTarPerm extractEntry lib/ChunkRenderError.js
497 silly gunzTarPerm extractEntry lib/TemplatedPathPlugin.js
498 silly gunzTarPerm extractEntry lib/Chunk.js
499 silly gunzTarPerm extractEntry lib/UmdMainTemplatePlugin.js
500 silly gunzTarPerm extractEntry lib/CaseSensitiveModulesWarning.js
501 silly gunzTarPerm extractEntry lib/UnsupportedFeatureWarning.js
502 silly gunzTarPerm extractEntry lib/CachePlugin.js
503 silly gunzTarPerm extractEntry lib/WarnCaseSensitiveModulesPlugin.js
504 silly gunzTarPerm extractEntry lib/BasicEvaluatedExpression.js
505 silly gunzTarPerm extractEntry lib/WatchIgnorePlugin.js
506 silly gunzTarPerm extractEntry lib/BannerPlugin.js
507 silly gunzTarPerm extractEntry lib/WebpackOptionsApply.js
508 silly gunzTarPerm extractEntry lib/AutomaticPrefetchPlugin.js
509 silly gunzTarPerm extractEntry lib/WebpackOptionsDefaulter.js
510 silly gunzTarPerm extractEntry lib/AsyncDependenciesBlock.js
511 silly gunzTarPerm extractEntry lib/webpack.web.js
512 silly gunzTarPerm extractEntry lib/ArrayMap.js
513 silly gunzTarPerm extractEntry lib/webpack.js
514 silly gunzTarPerm extractEntry lib/AmdMainTemplatePlugin.js
515 silly gunzTarPerm extractEntry lib/removeAndDo.js
516 silly gunzTarPerm extractEntry lib/LibManifestPlugin.js
517 silly gunzTarPerm extractEntry lib/LoaderTargetPlugin.js
518 silly gunzTarPerm extractEntry lib/optimize/AggressiveMergingPlugin.js
519 silly gunzTarPerm extractEntry lib/optimize/DedupePlugin.js
520 silly gunzTarPerm extractEntry lib/optimize/FlagIncludedChunksPlugin.js
521 silly gunzTarPerm extractEntry lib/optimize/LimitChunkCountPlugin.js
522 silly gunzTarPerm extractEntry lib/optimize/MergeDuplicateChunksPlugin.js
523 silly gunzTarPerm extractEntry lib/optimize/CommonsChunkPlugin.js
524 silly gunzTarPerm extractEntry lib/optimize/OccurenceOrderPlugin.js
525 silly gunzTarPerm extractEntry lib/optimize/OccurrenceOrderPlugin.js
526 silly gunzTarPerm extractEntry lib/optimize/RemoveEmptyChunksPlugin.js
527 silly gunzTarPerm extractEntry lib/optimize/RemoveParentModulesPlugin.js
528 silly gunzTarPerm extractEntry lib/optimize/UglifyJsPlugin.js
529 silly gunzTarPerm extractEntry lib/optimize/MinChunkSizePlugin.js
530 silly gunzTarPerm extractEntry lib/web/WebEnvironmentPlugin.js
531 silly gunzTarPerm extractEntry lib/node/NodeChunkTemplatePlugin.js
532 silly gunzTarPerm extractEntry lib/node/NodeHotUpdateChunkTemplatePlugin.js
533 silly gunzTarPerm extractEntry lib/node/NodeMainTemplate.runtime.js
534 silly gentlyRm /src/frontend/node_modules/.staging/next-3f4f9b0a/node_modules is being purged
535 verbose gentlyRm don't care about contents; nuking /src/frontend/node_modules/.staging/next-3f4f9b0a/node_modules
536 silly gunzTarPerm extractEntry lib/node/NodeMainTemplateAsync.runtime.js
537 silly gunzTarPerm extractEntry lib/node/NodeMainTemplatePlugin.js
538 silly gunzTarPerm extractEntry lib/node/NodeEnvironmentPlugin.js
539 silly gunzTarPerm extractEntry lib/node/NodeSourcePlugin.js
540 silly gunzTarPerm extractEntry lib/node/NodeTargetPlugin.js
541 silly gunzTarPerm extractEntry lib/node/NodeTemplatePlugin.js
542 silly gunzTarPerm extractEntry lib/node/NodeWatchFileSystem.js
543 silly gunzTarPerm extractEntry lib/node/OldNodeWatchFileSystem.js
544 silly gunzTarPerm extractEntry lib/node/NodeOutputFileSystem.js
545 silly gunzTarPerm extractEntry lib/dependencies/AMDDefineDependency.js
546 silly gunzTarPerm extractEntry lib/dependencies/LoaderDependency.js
547 silly gunzTarPerm extractEntry lib/dependencies/LoaderPlugin.js
548 silly gunzTarPerm extractEntry lib/dependencies/LocalModule.js
549 silly gunzTarPerm extractEntry lib/dependencies/LocalModuleDependency.js
550 silly gunzTarPerm extractEntry lib/dependencies/LabeledModulesPlugin.js
551 silly gunzTarPerm extractEntry lib/dependencies/ModuleDependency.js
552 silly gunzTarPerm extractEntry lib/dependencies/ModuleDependencyTemplateAsId.js
553 silly gunzTarPerm extractEntry lib/dependencies/ModuleDependencyTemplateAsRequireId.js
554 silly gunzTarPerm extractEntry lib/dependencies/ModuleHotAcceptDependency.js
555 silly gunzTarPerm extractEntry lib/dependencies/ModuleHotDeclineDependency.js
556 silly gunzTarPerm extractEntry lib/dependencies/LabeledModuleDependencyParserPlugin.js
557 silly gunzTarPerm extractEntry lib/dependencies/MultiEntryDependency.js
558 silly gunzTarPerm extractEntry lib/dependencies/LabeledModuleDependency.js
559 silly gunzTarPerm extractEntry lib/dependencies/NullDependency.js
560 silly gunzTarPerm extractEntry lib/dependencies/LabeledExportsDependency.js
561 silly gunzTarPerm extractEntry lib/dependencies/NullDependencyTemplate.js
562 silly gunzTarPerm extractEntry lib/dependencies/DllEntryDependency.js
563 silly gunzTarPerm extractEntry lib/dependencies/PrefetchDependency.js
564 silly gunzTarPerm extractEntry lib/dependencies/DepBlockHelpers.js
565 silly gunzTarPerm extractEntry lib/dependencies/RequireContextDependency.js
566 silly gunzTarPerm extractEntry lib/dependencies/DelegatedSourceDependency.js
567 silly gunzTarPerm extractEntry lib/dependencies/RequireContextDependencyParserPlugin.js
568 silly gunzTarPerm extractEntry lib/dependencies/ContextElementDependency.js
569 silly gunzTarPerm extractEntry lib/dependencies/RequireContextPlugin.js
570 silly gunzTarPerm extractEntry lib/dependencies/ContextDependencyTemplateAsRequireCall.js
571 silly gunzTarPerm extractEntry lib/dependencies/RequireEnsureDependenciesBlock.js
572 silly gunzTarPerm extractEntry lib/dependencies/ContextDependencyTemplateAsId.js
573 silly gunzTarPerm extractEntry lib/dependencies/RequireEnsureDependenciesBlockParserPlugin.js
574 silly gunzTarPerm extractEntry lib/dependencies/ContextDependencyHelpers.js
575 silly gunzTarPerm extractEntry lib/dependencies/RequireEnsureDependency.js
576 silly gunzTarPerm extractEntry lib/dependencies/ContextDependency.js
577 silly gunzTarPerm extractEntry lib/dependencies/RequireEnsureItemDependency.js
578 silly gunzTarPerm extractEntry lib/dependencies/ConstDependency.js
579 silly gunzTarPerm extractEntry lib/dependencies/RequireEnsurePlugin.js
580 silly gunzTarPerm extractEntry lib/dependencies/CommonJsRequireDependencyParserPlugin.js
581 silly gunzTarPerm extractEntry lib/dependencies/RequireHeaderDependency.js
582 silly gunzTarPerm extractEntry lib/dependencies/CommonJsRequireDependency.js
583 silly gunzTarPerm extractEntry lib/dependencies/RequireIncludeDependency.js
584 silly gunzTarPerm extractEntry lib/dependencies/CommonJsRequireContextDependency.js
585 silly gunzTarPerm extractEntry lib/dependencies/RequireIncludeDependencyParserPlugin.js
586 silly gunzTarPerm extractEntry lib/dependencies/CommonJsPlugin.js
587 silly gunzTarPerm extractEntry lib/dependencies/RequireIncludePlugin.js
588 silly gunzTarPerm extractEntry lib/dependencies/AMDRequireItemDependency.js
589 silly gunzTarPerm extractEntry lib/dependencies/RequireResolveContextDependency.js
590 silly gunzTarPerm extractEntry lib/dependencies/AMDRequireDependency.js
591 silly gunzTarPerm extractEntry lib/dependencies/RequireResolveDependency.js
592 silly gunzTarPerm extractEntry lib/dependencies/AMDRequireDependenciesBlockParserPlugin.js
593 silly gunzTarPerm extractEntry lib/dependencies/RequireResolveDependencyParserPlugin.js
594 silly gunzTarPerm extractEntry lib/dependencies/AMDRequireDependenciesBlock.js
595 silly gunzTarPerm extractEntry lib/dependencies/RequireResolveHeaderDependency.js
596 silly gunzTarPerm extractEntry lib/dependencies/AMDRequireContextDependency.js
597 silly gunzTarPerm extractEntry lib/dependencies/SingleEntryDependency.js
598 silly gunzTarPerm extractEntry lib/dependencies/AMDRequireArrayDependency.js
599 silly gunzTarPerm extractEntry lib/dependencies/TemplateArgumentDependency.js
600 silly gunzTarPerm extractEntry lib/dependencies/AMDPlugin.js
601 silly gunzTarPerm extractEntry lib/dependencies/WebpackMissingModule.js
602 silly gunzTarPerm extractEntry lib/dependencies/AMDDefineDependencyParserPlugin.js
603 silly gunzTarPerm extractEntry lib/dependencies/getFunctionExpression.js
604 silly gunzTarPerm extractEntry lib/dependencies/LocalModulesHelpers.js
605 silly gunzTarPerm extractEntry lib/webworker/WebWorkerChunkTemplatePlugin.js
606 silly gunzTarPerm extractEntry lib/webworker/WebWorkerMainTemplatePlugin.js
607 silly gunzTarPerm extractEntry lib/webworker/WebWorkerTemplatePlugin.js
608 silly gunzTarPerm extractEntry web_modules/node-libs-browser.js
609 silly gentlyRm /src/frontend/node_modules/.staging/webpack-290f5e3a/node_modules is being purged
610 verbose gentlyRm don't care about contents; nuking /src/frontend/node_modules/.staging/webpack-290f5e3a/node_modules
611 silly doParallel preinstall 4
612 silly preinstall acorn@3.3.0 /src/frontend/node_modules/.staging/acorn-03173468
613 info lifecycle acorn@3.3.0~preinstall: acorn@3.3.0
614 silly preinstall supports-color@3.1.2 /src/frontend/node_modules/.staging/supports-color-71203005
615 info lifecycle supports-color@3.1.2~preinstall: supports-color@3.1.2
616 silly preinstall webpack@1.13.3 /src/frontend/node_modules/.staging/webpack-290f5e3a
617 info lifecycle webpack@1.13.3~preinstall: webpack@1.13.3
618 silly preinstall next@1.2.3 /src/frontend/node_modules/.staging/next-3f4f9b0a
619 info lifecycle next@1.2.3~preinstall: next@1.2.3
620 silly lifecycle acorn@3.3.0~preinstall: no script for preinstall, continuing
621 silly lifecycle supports-color@3.1.2~preinstall: no script for preinstall, continuing
622 silly lifecycle webpack@1.13.3~preinstall: no script for preinstall, continuing
623 silly lifecycle next@1.2.3~preinstall: no script for preinstall, continuing
624 silly doReverseSerial remove 0
625 silly doSerial move 0
626 silly doSerial finalize 4
627 silly finalize /src/frontend/node_modules/acorn
628 silly finalize /src/frontend/node_modules/webpack/node_modules/supports-color
629 silly finalize /src/frontend/node_modules/webpack
630 silly finalize /src/frontend/node_modules/next
631 silly doSerial build 4
632 silly build acorn@3.3.0
633 info linkStuff acorn@3.3.0
634 silly linkStuff acorn@3.3.0 has /src/frontend/node_modules as its parent node_modules
635 verbose linkBins acorn@3.3.0
636 verbose link bins [ { acorn: './bin/acorn' },
636 verbose link bins   '/src/frontend/node_modules/.bin',
636 verbose link bins   false ]
637 verbose linkMans acorn@3.3.0
638 silly gentlyRm /src/frontend/node_modules/.bin/acorn is being purged
639 verbose gentlyRm don't care about contents; nuking /src/frontend/node_modules/.bin/acorn
640 verbose unlock done using /root/.npm/_locks/staging-13d7688bfd3edde5.lock for /src/frontend/node_modules/.staging
641 silly rollbackFailedOptional Starting
642 silly rollbackFailedOptional Finishing
643 silly runTopLevelLifecycles Finishing
644 silly install printInstalled
645 warn optional SKIPPING OPTIONAL DEPENDENCY: fsevents@^1.0.0 (node_modules/chokidar/node_modules/fsevents):
646 warn notsup SKIPPING OPTIONAL DEPENDENCY: Unsupported platform for fsevents@1.0.15: wanted {"os":"darwin","arch":"any"} (current: {"os":"linux","arch":"x64"})
647 verbose notsup SKIPPING OPTIONAL DEPENDENCY: Valid OS:    darwin
647 verbose notsup SKIPPING OPTIONAL DEPENDENCY: Valid Arch:  any
647 verbose notsup SKIPPING OPTIONAL DEPENDENCY: Actual OS:   linux
647 verbose notsup SKIPPING OPTIONAL DEPENDENCY: Actual Arch: x64
648 warn streamer@1.0.0 No repository field.
649 verbose If you need help, you may report this error at:
649 verbose     <https://github.com/npm/npm/issues>
650 verbose stack Error: EPROTO: protocol error, symlink '../acorn/bin/acorn' -> '/src/frontend/node_modules/.bin/acorn'
650 verbose stack     at Error (native)
651 verbose cwd /src/frontend
652 error Linux 4.4.27-boot2docker
653 error argv "/usr/local/bin/node" "/usr/local/bin/npm" "install"
654 error node v6.9.2
655 error npm  v3.10.9
656 error path ../acorn/bin/acorn
657 error code EPROTO
658 error errno -71
659 error syscall symlink
660 error EPROTO: protocol error, symlink '../acorn/bin/acorn' -> '/src/frontend/node_modules/.bin/acorn'
661 error If you need help, you may report this error at:
661 error     <https://github.com/npm/npm/issues>
662 verbose exit [ -71, true ]
